Info: Nothing to build for likedList
Info: Nothing to build for likedList
15:06:04 **** Incremental Build of configuration Debug for project likedList ****
Info: Internal Builder is used for build
gcc -O0 -g3 -Wall -c -fmessage-length=0 -o "src\\LinkedList.o" "..\\src\\LinkedList.c" 
gcc -o likedList "src\\LinkedList.o" "src\\main.o" "testing\\src\\Employee.o" "testing\\src\\addNodeTest.o" "testing\\src\\addTest.o" "testing\\src\\clearTest.o" "testing\\src\\cloneTest.o" "testing\\src\\containsAllTest.o" "testing\\src\\containsTest.o" "testing\\src\\deleteLinkedListTest.o" "testing\\src\\getNodeTest.o" "testing\\src\\getTest.o" "testing\\src\\indexOfTest.o" "testing\\src\\isEmptyTest.o" "testing\\src\\lenTest.o" "testing\\src\\main_test.o" "testing\\src\\newTest.o" "testing\\src\\popTest.o" "testing\\src\\pushTest.o" "testing\\src\\removeTest.o" "testing\\src\\setTest.o" "testing\\src\\sortTest.o" "testing\\src\\subListTest.o" "testing\\utest.o" 
Info: Nothing to build for likedList
Info: Nothing to build for likedList
15:07:49 **** Incremental Build of configuration Debug for project likedList ****
Info: Internal Builder is used for build
gcc -O0 -g3 -Wall -c -fmessage-length=0 -o "src\\LinkedList.o" "..\\src\\LinkedList.c" 
gcc -o likedList "src\\LinkedList.o" "src\\main.o" "testing\\src\\Employee.o" "testing\\src\\addNodeTest.o" "testing\\src\\addTest.o" "testing\\src\\clearTest.o" "testing\\src\\cloneTest.o" "testing\\src\\containsAllTest.o" "testing\\src\\containsTest.o" "testing\\src\\deleteLinkedListTest.o" "testing\\src\\getNodeTest.o" "testing\\src\\getTest.o" "testing\\src\\indexOfTest.o" "testing\\src\\isEmptyTest.o" "testing\\src\\lenTest.o" "testing\\src\\main_test.o" "testing\\src\\newTest.o" "testing\\src\\popTest.o" "testing\\src\\pushTest.o" "testing\\src\\removeTest.o" "testing\\src\\setTest.o" "testing\\src\\sortTest.o" "testing\\src\\subListTest.o" "testing\\utest.o" 
15:08:07 **** Incremental Build of configuration Debug for project likedList ****
Info: Internal Builder is used for build
gcc -O0 -g3 -Wall -c -fmessage-length=0 -o "src\\LinkedList.o" "..\\src\\LinkedList.c" 
gcc -o likedList "src\\LinkedList.o" "src\\main.o" "testing\\src\\Employee.o" "testing\\src\\addNodeTest.o" "testing\\src\\addTest.o" "testing\\src\\clearTest.o" "testing\\src\\cloneTest.o" "testing\\src\\containsAllTest.o" "testing\\src\\containsTest.o" "testing\\src\\deleteLinkedListTest.o" "testing\\src\\getNodeTest.o" "testing\\src\\getTest.o" "testing\\src\\indexOfTest.o" "testing\\src\\isEmptyTest.o" "testing\\src\\lenTest.o" "testing\\src\\main_test.o" "testing\\src\\newTest.o" "testing\\src\\popTest.o" "testing\\src\\pushTest.o" "testing\\src\\removeTest.o" "testing\\src\\setTest.o" "testing\\src\\sortTest.o" "testing\\src\\subListTest.o" "testing\\utest.o" 
15:09:56 **** Incremental Build of configuration Debug for project likedList ****
Info: Internal Builder is used for build
gcc -O0 -g3 -Wall -c -fmessage-length=0 -o "src\\LinkedList.o" "..\\src\\LinkedList.c" 
gcc -o likedList "src\\LinkedList.o" "src\\main.o" "testing\\src\\Employee.o" "testing\\src\\addNodeTest.o" "testing\\src\\addTest.o" "testing\\src\\clearTest.o" "testing\\src\\cloneTest.o" "testing\\src\\containsAllTest.o" "testing\\src\\containsTest.o" "testing\\src\\deleteLinkedListTest.o" "testing\\src\\getNodeTest.o" "testing\\src\\getTest.o" "testing\\src\\indexOfTest.o" "testing\\src\\isEmptyTest.o" "testing\\src\\lenTest.o" "testing\\src\\main_test.o" "testing\\src\\newTest.o" "testing\\src\\popTest.o" "testing\\src\\pushTest.o" "testing\\src\\removeTest.o" "testing\\src\\setTest.o" "testing\\src\\sortTest.o" "testing\\src\\subListTest.o" "testing\\utest.o" 
15:10:08 **** Incremental Build of configuration Debug for project likedList ****
Info: Internal Builder is used for build
gcc -O0 -g3 -Wall -c -fmessage-length=0 -o "src\\LinkedList.o" "..\\src\\LinkedList.c" 
gcc -o likedList "src\\LinkedList.o" "src\\main.o" "testing\\src\\Employee.o" "testing\\src\\addNodeTest.o" "testing\\src\\addTest.o" "testing\\src\\clearTest.o" "testing\\src\\cloneTest.o" "testing\\src\\containsAllTest.o" "testing\\src\\containsTest.o" "testing\\src\\deleteLinkedListTest.o" "testing\\src\\getNodeTest.o" "testing\\src\\getTest.o" "testing\\src\\indexOfTest.o" "testing\\src\\isEmptyTest.o" "testing\\src\\lenTest.o" "testing\\src\\main_test.o" "testing\\src\\newTest.o" "testing\\src\\popTest.o" "testing\\src\\pushTest.o" "testing\\src\\removeTest.o" "testing\\src\\setTest.o" "testing\\src\\sortTest.o" "testing\\src\\subListTest.o" "testing\\utest.o" 
15:10:32 **** Incremental Build of configuration Debug for project likedList ****
Info: Internal Builder is used for build
gcc -O0 -g3 -Wall -c -fmessage-length=0 -o "src\\LinkedList.o" "..\\src\\LinkedList.c" 
gcc -o likedList "src\\LinkedList.o" "src\\main.o" "testing\\src\\Employee.o" "testing\\src\\addNodeTest.o" "testing\\src\\addTest.o" "testing\\src\\clearTest.o" "testing\\src\\cloneTest.o" "testing\\src\\containsAllTest.o" "testing\\src\\containsTest.o" "testing\\src\\deleteLinkedListTest.o" "testing\\src\\getNodeTest.o" "testing\\src\\getTest.o" "testing\\src\\indexOfTest.o" "testing\\src\\isEmptyTest.o" "testing\\src\\lenTest.o" "testing\\src\\main_test.o" "testing\\src\\newTest.o" "testing\\src\\popTest.o" "testing\\src\\pushTest.o" "testing\\src\\removeTest.o" "testing\\src\\setTest.o" "testing\\src\\sortTest.o" "testing\\src\\subListTest.o" "testing\\utest.o" 
15:27:18 **** Incremental Build of configuration Debug for project likedList ****
Info: Internal Builder is used for build
gcc -O0 -g3 -Wall -c -fmessage-length=0 -o "src\\LinkedList.o" "..\\src\\LinkedList.c" 
gcc -o likedList "src\\LinkedList.o" "src\\main.o" "testing\\src\\Employee.o" "testing\\src\\addNodeTest.o" "testing\\src\\addTest.o" "testing\\src\\clearTest.o" "testing\\src\\cloneTest.o" "testing\\src\\containsAllTest.o" "testing\\src\\containsTest.o" "testing\\src\\deleteLinkedListTest.o" "testing\\src\\getNodeTest.o" "testing\\src\\getTest.o" "testing\\src\\indexOfTest.o" "testing\\src\\isEmptyTest.o" "testing\\src\\lenTest.o" "testing\\src\\main_test.o" "testing\\src\\newTest.o" "testing\\src\\popTest.o" "testing\\src\\pushTest.o" "testing\\src\\removeTest.o" "testing\\src\\setTest.o" "testing\\src\\sortTest.o" "testing\\src\\subListTest.o" "testing\\utest.o" 
Info: Nothing to build for likedList
15:30:12 **** Incremental Build of configuration Debug for project likedList ****
Info: Internal Builder is used for build
gcc -O0 -g3 -Wall -c -fmessage-length=0 -o "src\\LinkedList.o" "..\\src\\LinkedList.c" 
gcc -o likedList "src\\LinkedList.o" "src\\main.o" "testing\\src\\Employee.o" "testing\\src\\addNodeTest.o" "testing\\src\\addTest.o" "testing\\src\\clearTest.o" "testing\\src\\cloneTest.o" "testing\\src\\containsAllTest.o" "testing\\src\\containsTest.o" "testing\\src\\deleteLinkedListTest.o" "testing\\src\\getNodeTest.o" "testing\\src\\getTest.o" "testing\\src\\indexOfTest.o" "testing\\src\\isEmptyTest.o" "testing\\src\\lenTest.o" "testing\\src\\main_test.o" "testing\\src\\newTest.o" "testing\\src\\popTest.o" "testing\\src\\pushTest.o" "testing\\src\\removeTest.o" "testing\\src\\setTest.o" "testing\\src\\sortTest.o" "testing\\src\\subListTest.o" "testing\\utest.o" 
Info: Nothing to build for likedList
15:35:20 **** Incremental Build of configuration Debug for project likedList ****
Info: Internal Builder is used for build
gcc -O0 -g3 -Wall -c -fmessage-length=0 -o "src\\LinkedList.o" "..\\src\\LinkedList.c" 
gcc -o likedList "src\\LinkedList.o" "src\\main.o" "testing\\src\\Employee.o" "testing\\src\\addNodeTest.o" "testing\\src\\addTest.o" "testing\\src\\clearTest.o" "testing\\src\\cloneTest.o" "testing\\src\\containsAllTest.o" "testing\\src\\containsTest.o" "testing\\src\\deleteLinkedListTest.o" "testing\\src\\getNodeTest.o" "testing\\src\\getTest.o" "testing\\src\\indexOfTest.o" "testing\\src\\isEmptyTest.o" "testing\\src\\lenTest.o" "testing\\src\\main_test.o" "testing\\src\\newTest.o" "testing\\src\\popTest.o" "testing\\src\\pushTest.o" "testing\\src\\removeTest.o" "testing\\src\\setTest.o" "testing\\src\\sortTest.o" "testing\\src\\subListTest.o" "testing\\utest.o" 
Info: Nothing to build for likedList
15:58:30 **** Incremental Build of configuration Debug for project likedList ****
Info: Internal Builder is used for build
gcc -O0 -g3 -Wall -c -fmessage-length=0 -o "src\\LinkedList.o" "..\\src\\LinkedList.c" 
gcc -o likedList "src\\LinkedList.o" "src\\main.o" "testing\\src\\Employee.o" "testing\\src\\addNodeTest.o" "testing\\src\\addTest.o" "testing\\src\\clearTest.o" "testing\\src\\cloneTest.o" "testing\\src\\containsAllTest.o" "testing\\src\\containsTest.o" "testing\\src\\deleteLinkedListTest.o" "testing\\src\\getNodeTest.o" "testing\\src\\getTest.o" "testing\\src\\indexOfTest.o" "testing\\src\\isEmptyTest.o" "testing\\src\\lenTest.o" "testing\\src\\main_test.o" "testing\\src\\newTest.o" "testing\\src\\popTest.o" "testing\\src\\pushTest.o" "testing\\src\\removeTest.o" "testing\\src\\setTest.o" "testing\\src\\sortTest.o" "testing\\src\\subListTest.o" "testing\\utest.o" 
Info: Nothing to build for likedList
15:59:01 **** Incremental Build of configuration Debug for project likedList ****
Info: Internal Builder is used for build
gcc -O0 -g3 -Wall -c -fmessage-length=0 -o "src\\main.o" "..\\src\\main.c" 
gcc -o likedList "src\\LinkedList.o" "src\\main.o" "testing\\src\\Employee.o" "testing\\src\\addNodeTest.o" "testing\\src\\addTest.o" "testing\\src\\clearTest.o" "testing\\src\\cloneTest.o" "testing\\src\\containsAllTest.o" "testing\\src\\containsTest.o" "testing\\src\\deleteLinkedListTest.o" "testing\\src\\getNodeTest.o" "testing\\src\\getTest.o" "testing\\src\\indexOfTest.o" "testing\\src\\isEmptyTest.o" "testing\\src\\lenTest.o" "testing\\src\\main_test.o" "testing\\src\\newTest.o" "testing\\src\\popTest.o" "testing\\src\\pushTest.o" "testing\\src\\removeTest.o" "testing\\src\\setTest.o" "testing\\src\\sortTest.o" "testing\\src\\subListTest.o" "testing\\utest.o" 
Info: Nothing to build for likedList
16:34:49 **** Incremental Build of configuration Debug for project likedList ****
Info: Internal Builder is used for build
gcc -O0 -g3 -Wall -c -fmessage-length=0 -o "src\\LinkedList.o" "..\\src\\LinkedList.c" 
gcc -o likedList "src\\LinkedList.o" "src\\main.o" "testing\\src\\Employee.o" "testing\\src\\addNodeTest.o" "testing\\src\\addTest.o" "testing\\src\\clearTest.o" "testing\\src\\cloneTest.o" "testing\\src\\containsAllTest.o" "testing\\src\\containsTest.o" "testing\\src\\deleteLinkedListTest.o" "testing\\src\\getNodeTest.o" "testing\\src\\getTest.o" "testing\\src\\indexOfTest.o" "testing\\src\\isEmptyTest.o" "testing\\src\\lenTest.o" "testing\\src\\main_test.o" "testing\\src\\newTest.o" "testing\\src\\popTest.o" "testing\\src\\pushTest.o" "testing\\src\\removeTest.o" "testing\\src\\setTest.o" "testing\\src\\sortTest.o" "testing\\src\\subListTest.o" "testing\\utest.o" 
Info: Nothing to build for likedList
16:35:06 **** Incremental Build of configuration Debug for project likedList ****
Info: Internal Builder is used for build
gcc -O0 -g3 -Wall -c -fmessage-length=0 -o "src\\main.o" "..\\src\\main.c" 
gcc -o likedList "src\\LinkedList.o" "src\\main.o" "testing\\src\\Employee.o" "testing\\src\\addNodeTest.o" "testing\\src\\addTest.o" "testing\\src\\clearTest.o" "testing\\src\\cloneTest.o" "testing\\src\\containsAllTest.o" "testing\\src\\containsTest.o" "testing\\src\\deleteLinkedListTest.o" "testing\\src\\getNodeTest.o" "testing\\src\\getTest.o" "testing\\src\\indexOfTest.o" "testing\\src\\isEmptyTest.o" "testing\\src\\lenTest.o" "testing\\src\\main_test.o" "testing\\src\\newTest.o" "testing\\src\\popTest.o" "testing\\src\\pushTest.o" "testing\\src\\removeTest.o" "testing\\src\\setTest.o" "testing\\src\\sortTest.o" "testing\\src\\subListTest.o" "testing\\utest.o" 
Info: Nothing to build for likedList
16:36:08 **** Incremental Build of configuration Debug for project likedList ****
Info: Internal Builder is used for build
gcc -O0 -g3 -Wall -c -fmessage-length=0 -o "src\\LinkedList.o" "..\\src\\LinkedList.c" 
gcc -o likedList "src\\LinkedList.o" "src\\main.o" "testing\\src\\Employee.o" "testing\\src\\addNodeTest.o" "testing\\src\\addTest.o" "testing\\src\\clearTest.o" "testing\\src\\cloneTest.o" "testing\\src\\containsAllTest.o" "testing\\src\\containsTest.o" "testing\\src\\deleteLinkedListTest.o" "testing\\src\\getNodeTest.o" "testing\\src\\getTest.o" "testing\\src\\indexOfTest.o" "testing\\src\\isEmptyTest.o" "testing\\src\\lenTest.o" "testing\\src\\main_test.o" "testing\\src\\newTest.o" "testing\\src\\popTest.o" "testing\\src\\pushTest.o" "testing\\src\\removeTest.o" "testing\\src\\setTest.o" "testing\\src\\sortTest.o" "testing\\src\\subListTest.o" "testing\\utest.o" 
Info: Nothing to build for likedList
16:49:30 **** Incremental Build of configuration Debug for project likedList ****
Info: Internal Builder is used for build
gcc -O0 -g3 -Wall -c -fmessage-length=0 -o "src\\LinkedList.o" "..\\src\\LinkedList.c" 
..\src\LinkedList.c: In function 'll_set':
..\src\LinkedList.c:401:1: error: expected declaration or statement at end of input
 }
 ^
..\src\LinkedList.c:401:1: warning: control reaches end of non-void function [-Wreturn-type]
 }
 ^
At top level:
..\src\LinkedList.c:395:5: warning: 'll_sort' defined but not used [-Wunused-function]
 int ll_sort(LinkedList* this, int (*pFunc)(void* ,void*), int order)
     ^~~~~~~
..\src\LinkedList.c:380:13: warning: 'll_clone' defined but not used [-Wunused-function]
 LinkedList* ll_clone(LinkedList* this)
             ^~~~~~~~
..\src\LinkedList.c:365:13: warning: 'll_subList' defined but not used [-Wunused-function]
 LinkedList* ll_subList(LinkedList* this,int from,int to)
             ^~~~~~~~~~
..\src\LinkedList.c:348:5: warning: 'll_containsAll' defined but not used [-Wunused-function]
 int ll_containsAll(LinkedList* this,LinkedList* this2)
     ^~~~~~~~~~~~~~
..\src\LinkedList.c:332:5: warning: 'll_contains' defined but not used [-Wunused-function]
 int ll_contains(LinkedList* this, void* pElement)
     ^~~~~~~~~~~
..\src\LinkedList.c:316:7: warning: 'll_pop' defined but not used [-Wunused-function]
 void* ll_pop(LinkedList* this,int index)
       ^~~~~~
..\src\LinkedList.c:300:5: warning: 'll_push' defined but not used [-Wunused-function]
 int ll_push(LinkedList* this, int index, void* pElement)
     ^~~~~~~
..\src\LinkedList.c:284:5: warning: 'll_isEmpty' defined but not used [-Wunused-function]
 int ll_isEmpty(LinkedList* this)
     ^~~~~~~~~~
..\src\LinkedList.c:269:5: warning: 'll_indexOf' defined but not used [-Wunused-function]
 int ll_indexOf(LinkedList* this, void* pElement)
     ^~~~~~~~~~
..\src\LinkedList.c:254:5: warning: 'll_deleteLinkedList' defined but not used [-Wunused-function]
 int ll_deleteLinkedList(LinkedList* this)
     ^~~~~~~~~~~~~~~~~~~
..\src\LinkedList.c:239:5: warning: 'll_clear' defined but not used [-Wunused-function]
 int ll_clear(LinkedList* this)
     ^~~~~~~~
..\src\LinkedList.c:224:5: warning: 'll_remove' defined but not used [-Wunused-function]
 int ll_remove(LinkedList* this,int index)
     ^~~~~~~~~
16:50:08 **** Incremental Build of configuration Debug for project likedList ****
Info: Internal Builder is used for build
gcc -O0 -g3 -Wall -c -fmessage-length=0 -o "src\\LinkedList.o" "..\\src\\LinkedList.c" 
gcc -o likedList "src\\LinkedList.o" "src\\main.o" "testing\\src\\Employee.o" "testing\\src\\addNodeTest.o" "testing\\src\\addTest.o" "testing\\src\\clearTest.o" "testing\\src\\cloneTest.o" "testing\\src\\containsAllTest.o" "testing\\src\\containsTest.o" "testing\\src\\deleteLinkedListTest.o" "testing\\src\\getNodeTest.o" "testing\\src\\getTest.o" "testing\\src\\indexOfTest.o" "testing\\src\\isEmptyTest.o" "testing\\src\\lenTest.o" "testing\\src\\main_test.o" "testing\\src\\newTest.o" "testing\\src\\popTest.o" "testing\\src\\pushTest.o" "testing\\src\\removeTest.o" "testing\\src\\setTest.o" "testing\\src\\sortTest.o" "testing\\src\\subListTest.o" "testing\\utest.o" 
Info: Nothing to build for likedList
16:50:26 **** Incremental Build of configuration Debug for project likedList ****
Info: Internal Builder is used for build
gcc -O0 -g3 -Wall -c -fmessage-length=0 -o "src\\main.o" "..\\src\\main.c" 
gcc -o likedList "src\\LinkedList.o" "src\\main.o" "testing\\src\\Employee.o" "testing\\src\\addNodeTest.o" "testing\\src\\addTest.o" "testing\\src\\clearTest.o" "testing\\src\\cloneTest.o" "testing\\src\\containsAllTest.o" "testing\\src\\containsTest.o" "testing\\src\\deleteLinkedListTest.o" "testing\\src\\getNodeTest.o" "testing\\src\\getTest.o" "testing\\src\\indexOfTest.o" "testing\\src\\isEmptyTest.o" "testing\\src\\lenTest.o" "testing\\src\\main_test.o" "testing\\src\\newTest.o" "testing\\src\\popTest.o" "testing\\src\\pushTest.o" "testing\\src\\removeTest.o" "testing\\src\\setTest.o" "testing\\src\\sortTest.o" "testing\\src\\subListTest.o" "testing\\utest.o" 
17:10:52 **** Incremental Build of configuration Debug for project likedList ****
Info: Internal Builder is used for build
gcc -O0 -g3 -Wall -c -fmessage-length=0 -o "src\\LinkedList.o" "..\\src\\LinkedList.c" 
gcc -o likedList "src\\LinkedList.o" "src\\main.o" "testing\\src\\Employee.o" "testing\\src\\addNodeTest.o" "testing\\src\\addTest.o" "testing\\src\\clearTest.o" "testing\\src\\cloneTest.o" "testing\\src\\containsAllTest.o" "testing\\src\\containsTest.o" "testing\\src\\deleteLinkedListTest.o" "testing\\src\\getNodeTest.o" "testing\\src\\getTest.o" "testing\\src\\indexOfTest.o" "testing\\src\\isEmptyTest.o" "testing\\src\\lenTest.o" "testing\\src\\main_test.o" "testing\\src\\newTest.o" "testing\\src\\popTest.o" "testing\\src\\pushTest.o" "testing\\src\\removeTest.o" "testing\\src\\setTest.o" "testing\\src\\sortTest.o" "testing\\src\\subListTest.o" "testing\\utest.o" 
17:11:03 **** Incremental Build of configuration Debug for project likedList ****
Info: Internal Builder is used for build
gcc -O0 -g3 -Wall -c -fmessage-length=0 -o "src\\main.o" "..\\src\\main.c" 
gcc -o likedList "src\\LinkedList.o" "src\\main.o" "testing\\src\\Employee.o" "testing\\src\\addNodeTest.o" "testing\\src\\addTest.o" "testing\\src\\clearTest.o" "testing\\src\\cloneTest.o" "testing\\src\\containsAllTest.o" "testing\\src\\containsTest.o" "testing\\src\\deleteLinkedListTest.o" "testing\\src\\getNodeTest.o" "testing\\src\\getTest.o" "testing\\src\\indexOfTest.o" "testing\\src\\isEmptyTest.o" "testing\\src\\lenTest.o" "testing\\src\\main_test.o" "testing\\src\\newTest.o" "testing\\src\\popTest.o" "testing\\src\\pushTest.o" "testing\\src\\removeTest.o" "testing\\src\\setTest.o" "testing\\src\\sortTest.o" "testing\\src\\subListTest.o" "testing\\utest.o" 
16:21:55 **** Incremental Build of configuration Debug for project likedList ****
Info: Internal Builder is used for build
gcc -O0 -g3 -Wall -c -fmessage-length=0 -o "src\\LinkedList.o" "..\\src\\LinkedList.c" 
gcc -O0 -g3 -Wall -c -fmessage-length=0 -o "src\\main.o" "..\\src\\main.c" 
gcc -o likedList "src\\LinkedList.o" "src\\main.o" "testing\\src\\Employee.o" "testing\\src\\addNodeTest.o" "testing\\src\\addTest.o" "testing\\src\\clearTest.o" "testing\\src\\cloneTest.o" "testing\\src\\containsAllTest.o" "testing\\src\\containsTest.o" "testing\\src\\deleteLinkedListTest.o" "testing\\src\\getNodeTest.o" "testing\\src\\getTest.o" "testing\\src\\indexOfTest.o" "testing\\src\\isEmptyTest.o" "testing\\src\\lenTest.o" "testing\\src\\main_test.o" "testing\\src\\newTest.o" "testing\\src\\popTest.o" "testing\\src\\pushTest.o" "testing\\src\\removeTest.o" "testing\\src\\setTest.o" "testing\\src\\sortTest.o" "testing\\src\\subListTest.o" "testing\\utest.o" 
16:22:10 **** Incremental Build of configuration Debug for project likedList ****
Info: Internal Builder is used for build
gcc -O0 -g3 -Wall -c -fmessage-length=0 -o "src\\main.o" "..\\src\\main.c" 
gcc -o likedList "src\\LinkedList.o" "src\\main.o" "testing\\src\\Employee.o" "testing\\src\\addNodeTest.o" "testing\\src\\addTest.o" "testing\\src\\clearTest.o" "testing\\src\\cloneTest.o" "testing\\src\\containsAllTest.o" "testing\\src\\containsTest.o" "testing\\src\\deleteLinkedListTest.o" "testing\\src\\getNodeTest.o" "testing\\src\\getTest.o" "testing\\src\\indexOfTest.o" "testing\\src\\isEmptyTest.o" "testing\\src\\lenTest.o" "testing\\src\\main_test.o" "testing\\src\\newTest.o" "testing\\src\\popTest.o" "testing\\src\\pushTest.o" "testing\\src\\removeTest.o" "testing\\src\\setTest.o" "testing\\src\\sortTest.o" "testing\\src\\subListTest.o" "testing\\utest.o" 
16:22:34 **** Incremental Build of configuration Debug for project likedList ****
Info: Internal Builder is used for build
gcc -O0 -g3 -Wall -c -fmessage-length=0 -o "src\\main.o" "..\\src\\main.c" 
gcc -o likedList "src\\LinkedList.o" "src\\main.o" "testing\\src\\Employee.o" "testing\\src\\addNodeTest.o" "testing\\src\\addTest.o" "testing\\src\\clearTest.o" "testing\\src\\cloneTest.o" "testing\\src\\containsAllTest.o" "testing\\src\\containsTest.o" "testing\\src\\deleteLinkedListTest.o" "testing\\src\\getNodeTest.o" "testing\\src\\getTest.o" "testing\\src\\indexOfTest.o" "testing\\src\\isEmptyTest.o" "testing\\src\\lenTest.o" "testing\\src\\main_test.o" "testing\\src\\newTest.o" "testing\\src\\popTest.o" "testing\\src\\pushTest.o" "testing\\src\\removeTest.o" "testing\\src\\setTest.o" "testing\\src\\sortTest.o" "testing\\src\\subListTest.o" "testing\\utest.o" 
16:22:44 **** Incremental Build of configuration Debug for project likedList ****
Info: Internal Builder is used for build
gcc -O0 -g3 -Wall -c -fmessage-length=0 -o "src\\LinkedList.o" "..\\src\\LinkedList.c" 
gcc -o likedList "src\\LinkedList.o" "src\\main.o" "testing\\src\\Employee.o" "testing\\src\\addNodeTest.o" "testing\\src\\addTest.o" "testing\\src\\clearTest.o" "testing\\src\\cloneTest.o" "testing\\src\\containsAllTest.o" "testing\\src\\containsTest.o" "testing\\src\\deleteLinkedListTest.o" "testing\\src\\getNodeTest.o" "testing\\src\\getTest.o" "testing\\src\\indexOfTest.o" "testing\\src\\isEmptyTest.o" "testing\\src\\lenTest.o" "testing\\src\\main_test.o" "testing\\src\\newTest.o" "testing\\src\\popTest.o" "testing\\src\\pushTest.o" "testing\\src\\removeTest.o" "testing\\src\\setTest.o" "testing\\src\\sortTest.o" "testing\\src\\subListTest.o" "testing\\utest.o" 
16:23:28 **** Incremental Build of configuration Debug for project likedList ****
Info: Internal Builder is used for build
gcc -O0 -g3 -Wall -c -fmessage-length=0 -o "src\\LinkedList.o" "..\\src\\LinkedList.c" 
gcc -o likedList "src\\LinkedList.o" "src\\main.o" "testing\\src\\Employee.o" "testing\\src\\addNodeTest.o" "testing\\src\\addTest.o" "testing\\src\\clearTest.o" "testing\\src\\cloneTest.o" "testing\\src\\containsAllTest.o" "testing\\src\\containsTest.o" "testing\\src\\deleteLinkedListTest.o" "testing\\src\\getNodeTest.o" "testing\\src\\getTest.o" "testing\\src\\indexOfTest.o" "testing\\src\\isEmptyTest.o" "testing\\src\\lenTest.o" "testing\\src\\main_test.o" "testing\\src\\newTest.o" "testing\\src\\popTest.o" "testing\\src\\pushTest.o" "testing\\src\\removeTest.o" "testing\\src\\setTest.o" "testing\\src\\sortTest.o" "testing\\src\\subListTest.o" "testing\\utest.o" 
16:23:43 **** Incremental Build of configuration Debug for project likedList ****
Info: Internal Builder is used for build
gcc -O0 -g3 -Wall -c -fmessage-length=0 -o "src\\LinkedList.o" "..\\src\\LinkedList.c" 
gcc -o likedList "src\\LinkedList.o" "src\\main.o" "testing\\src\\Employee.o" "testing\\src\\addNodeTest.o" "testing\\src\\addTest.o" "testing\\src\\clearTest.o" "testing\\src\\cloneTest.o" "testing\\src\\containsAllTest.o" "testing\\src\\containsTest.o" "testing\\src\\deleteLinkedListTest.o" "testing\\src\\getNodeTest.o" "testing\\src\\getTest.o" "testing\\src\\indexOfTest.o" "testing\\src\\isEmptyTest.o" "testing\\src\\lenTest.o" "testing\\src\\main_test.o" "testing\\src\\newTest.o" "testing\\src\\popTest.o" "testing\\src\\pushTest.o" "testing\\src\\removeTest.o" "testing\\src\\setTest.o" "testing\\src\\sortTest.o" "testing\\src\\subListTest.o" "testing\\utest.o" 
16:25:50 **** Incremental Build of configuration Debug for project likedList ****
Info: Internal Builder is used for build
gcc -O0 -g3 -Wall -c -fmessage-length=0 -o "src\\LinkedList.o" "..\\src\\LinkedList.c" 
gcc -o likedList "src\\LinkedList.o" "src\\main.o" "testing\\src\\Employee.o" "testing\\src\\addNodeTest.o" "testing\\src\\addTest.o" "testing\\src\\clearTest.o" "testing\\src\\cloneTest.o" "testing\\src\\containsAllTest.o" "testing\\src\\containsTest.o" "testing\\src\\deleteLinkedListTest.o" "testing\\src\\getNodeTest.o" "testing\\src\\getTest.o" "testing\\src\\indexOfTest.o" "testing\\src\\isEmptyTest.o" "testing\\src\\lenTest.o" "testing\\src\\main_test.o" "testing\\src\\newTest.o" "testing\\src\\popTest.o" "testing\\src\\pushTest.o" "testing\\src\\removeTest.o" "testing\\src\\setTest.o" "testing\\src\\sortTest.o" "testing\\src\\subListTest.o" "testing\\utest.o" 
19:35:54 **** Incremental Build of configuration Debug for project likedList ****
Info: Internal Builder is used for build
gcc -O0 -g3 -Wall -c -fmessage-length=0 -o "src\\main.o" "..\\src\\main.c" 
gcc -O0 -g3 -Wall -c -fmessage-length=0 -o "src\\LinkedList.o" "..\\src\\LinkedList.c" 
gcc -o likedList "src\\LinkedList.o" "src\\main.o" "testing\\src\\Employee.o" "testing\\src\\addNodeTest.o" "testing\\src\\addTest.o" "testing\\src\\clearTest.o" "testing\\src\\cloneTest.o" "testing\\src\\containsAllTest.o" "testing\\src\\containsTest.o" "testing\\src\\deleteLinkedListTest.o" "testing\\src\\getNodeTest.o" "testing\\src\\getTest.o" "testing\\src\\indexOfTest.o" "testing\\src\\isEmptyTest.o" "testing\\src\\lenTest.o" "testing\\src\\main_test.o" "testing\\src\\newTest.o" "testing\\src\\popTest.o" "testing\\src\\pushTest.o" "testing\\src\\removeTest.o" "testing\\src\\setTest.o" "testing\\src\\sortTest.o" "testing\\src\\subListTest.o" "testing\\utest.o" 
Info: Nothing to build for likedList
19:39:07 **** Incremental Build of configuration Debug for project likedList ****
Info: Internal Builder is used for build
gcc -O0 -g3 -Wall -c -fmessage-length=0 -o "src\\LinkedList.o" "..\\src\\LinkedList.c" 
gcc -o likedList "src\\LinkedList.o" "src\\main.o" "testing\\src\\Employee.o" "testing\\src\\addNodeTest.o" "testing\\src\\addTest.o" "testing\\src\\clearTest.o" "testing\\src\\cloneTest.o" "testing\\src\\containsAllTest.o" "testing\\src\\containsTest.o" "testing\\src\\deleteLinkedListTest.o" "testing\\src\\getNodeTest.o" "testing\\src\\getTest.o" "testing\\src\\indexOfTest.o" "testing\\src\\isEmptyTest.o" "testing\\src\\lenTest.o" "testing\\src\\main_test.o" "testing\\src\\newTest.o" "testing\\src\\popTest.o" "testing\\src\\pushTest.o" "testing\\src\\removeTest.o" "testing\\src\\setTest.o" "testing\\src\\sortTest.o" "testing\\src\\subListTest.o" "testing\\utest.o" 
19:39:16 **** Incremental Build of configuration Debug for project likedList ****
Info: Internal Builder is used for build
gcc -O0 -g3 -Wall -c -fmessage-length=0 -o "src\\main.o" "..\\src\\main.c" 
gcc -o likedList "src\\LinkedList.o" "src\\main.o" "testing\\src\\Employee.o" "testing\\src\\addNodeTest.o" "testing\\src\\addTest.o" "testing\\src\\clearTest.o" "testing\\src\\cloneTest.o" "testing\\src\\containsAllTest.o" "testing\\src\\containsTest.o" "testing\\src\\deleteLinkedListTest.o" "testing\\src\\getNodeTest.o" "testing\\src\\getTest.o" "testing\\src\\indexOfTest.o" "testing\\src\\isEmptyTest.o" "testing\\src\\lenTest.o" "testing\\src\\main_test.o" "testing\\src\\newTest.o" "testing\\src\\popTest.o" "testing\\src\\pushTest.o" "testing\\src\\removeTest.o" "testing\\src\\setTest.o" "testing\\src\\sortTest.o" "testing\\src\\subListTest.o" "testing\\utest.o" 
19:56:45 **** Incremental Build of configuration Debug for project likedList ****
Info: Internal Builder is used for build
gcc -O0 -g3 -Wall -c -fmessage-length=0 -o "src\\LinkedList.o" "..\\src\\LinkedList.c" 
..\src\LinkedList.c: In function 'll_push':
..\src\LinkedList.c:363:9: warning: unused variable 'i' [-Wunused-variable]
     int i;
         ^
gcc -o likedList "src\\LinkedList.o" "src\\main.o" "testing\\src\\Employee.o" "testing\\src\\addNodeTest.o" "testing\\src\\addTest.o" "testing\\src\\clearTest.o" "testing\\src\\cloneTest.o" "testing\\src\\containsAllTest.o" "testing\\src\\containsTest.o" "testing\\src\\deleteLinkedListTest.o" "testing\\src\\getNodeTest.o" "testing\\src\\getTest.o" "testing\\src\\indexOfTest.o" "testing\\src\\isEmptyTest.o" "testing\\src\\lenTest.o" "testing\\src\\main_test.o" "testing\\src\\newTest.o" "testing\\src\\popTest.o" "testing\\src\\pushTest.o" "testing\\src\\removeTest.o" "testing\\src\\setTest.o" "testing\\src\\sortTest.o" "testing\\src\\subListTest.o" "testing\\utest.o" 
19:56:54 **** Incremental Build of configuration Debug for project likedList ****
Info: Internal Builder is used for build
gcc -O0 -g3 -Wall -c -fmessage-length=0 -o "src\\LinkedList.o" "..\\src\\LinkedList.c" 
gcc -o likedList "src\\LinkedList.o" "src\\main.o" "testing\\src\\Employee.o" "testing\\src\\addNodeTest.o" "testing\\src\\addTest.o" "testing\\src\\clearTest.o" "testing\\src\\cloneTest.o" "testing\\src\\containsAllTest.o" "testing\\src\\containsTest.o" "testing\\src\\deleteLinkedListTest.o" "testing\\src\\getNodeTest.o" "testing\\src\\getTest.o" "testing\\src\\indexOfTest.o" "testing\\src\\isEmptyTest.o" "testing\\src\\lenTest.o" "testing\\src\\main_test.o" "testing\\src\\newTest.o" "testing\\src\\popTest.o" "testing\\src\\pushTest.o" "testing\\src\\removeTest.o" "testing\\src\\setTest.o" "testing\\src\\sortTest.o" "testing\\src\\subListTest.o" "testing\\utest.o" 
Info: Nothing to build for likedList
19:57:05 **** Incremental Build of configuration Debug for project likedList ****
Info: Internal Builder is used for build
gcc -O0 -g3 -Wall -c -fmessage-length=0 -o "src\\main.o" "..\\src\\main.c" 
gcc -o likedList "src\\LinkedList.o" "src\\main.o" "testing\\src\\Employee.o" "testing\\src\\addNodeTest.o" "testing\\src\\addTest.o" "testing\\src\\clearTest.o" "testing\\src\\cloneTest.o" "testing\\src\\containsAllTest.o" "testing\\src\\containsTest.o" "testing\\src\\deleteLinkedListTest.o" "testing\\src\\getNodeTest.o" "testing\\src\\getTest.o" "testing\\src\\indexOfTest.o" "testing\\src\\isEmptyTest.o" "testing\\src\\lenTest.o" "testing\\src\\main_test.o" "testing\\src\\newTest.o" "testing\\src\\popTest.o" "testing\\src\\pushTest.o" "testing\\src\\removeTest.o" "testing\\src\\setTest.o" "testing\\src\\sortTest.o" "testing\\src\\subListTest.o" "testing\\utest.o" 
Info: Nothing to build for likedList
19:57:30 **** Incremental Build of configuration Debug for project likedList ****
Info: Internal Builder is used for build
gcc -O0 -g3 -Wall -c -fmessage-length=0 -o "src\\LinkedList.o" "..\\src\\LinkedList.c" 
gcc -o likedList "src\\LinkedList.o" "src\\main.o" "testing\\src\\Employee.o" "testing\\src\\addNodeTest.o" "testing\\src\\addTest.o" "testing\\src\\clearTest.o" "testing\\src\\cloneTest.o" "testing\\src\\containsAllTest.o" "testing\\src\\containsTest.o" "testing\\src\\deleteLinkedListTest.o" "testing\\src\\getNodeTest.o" "testing\\src\\getTest.o" "testing\\src\\indexOfTest.o" "testing\\src\\isEmptyTest.o" "testing\\src\\lenTest.o" "testing\\src\\main_test.o" "testing\\src\\newTest.o" "testing\\src\\popTest.o" "testing\\src\\pushTest.o" "testing\\src\\removeTest.o" "testing\\src\\setTest.o" "testing\\src\\sortTest.o" "testing\\src\\subListTest.o" "testing\\utest.o" 
Info: Nothing to build for likedList
19:57:48 **** Incremental Build of configuration Debug for project likedList ****
Info: Internal Builder is used for build
gcc -O0 -g3 -Wall -c -fmessage-length=0 -o "src\\LinkedList.o" "..\\src\\LinkedList.c" 
gcc -o likedList "src\\LinkedList.o" "src\\main.o" "testing\\src\\Employee.o" "testing\\src\\addNodeTest.o" "testing\\src\\addTest.o" "testing\\src\\clearTest.o" "testing\\src\\cloneTest.o" "testing\\src\\containsAllTest.o" "testing\\src\\containsTest.o" "testing\\src\\deleteLinkedListTest.o" "testing\\src\\getNodeTest.o" "testing\\src\\getTest.o" "testing\\src\\indexOfTest.o" "testing\\src\\isEmptyTest.o" "testing\\src\\lenTest.o" "testing\\src\\main_test.o" "testing\\src\\newTest.o" "testing\\src\\popTest.o" "testing\\src\\pushTest.o" "testing\\src\\removeTest.o" "testing\\src\\setTest.o" "testing\\src\\sortTest.o" "testing\\src\\subListTest.o" "testing\\utest.o" 
Info: Nothing to build for likedList
20:05:33 **** Incremental Build of configuration Debug for project likedList ****
Info: Internal Builder is used for build
gcc -O0 -g3 -Wall -c -fmessage-length=0 -o "src\\main.o" "..\\src\\main.c" 
gcc -O0 -g3 -Wall -c -fmessage-length=0 -o "src\\LinkedList.o" "..\\src\\LinkedList.c" 
gcc -o likedList "src\\LinkedList.o" "src\\main.o" "testing\\src\\Employee.o" "testing\\src\\addNodeTest.o" "testing\\src\\addTest.o" "testing\\src\\clearTest.o" "testing\\src\\cloneTest.o" "testing\\src\\containsAllTest.o" "testing\\src\\containsTest.o" "testing\\src\\deleteLinkedListTest.o" "testing\\src\\getNodeTest.o" "testing\\src\\getTest.o" "testing\\src\\indexOfTest.o" "testing\\src\\isEmptyTest.o" "testing\\src\\lenTest.o" "testing\\src\\main_test.o" "testing\\src\\newTest.o" "testing\\src\\popTest.o" "testing\\src\\pushTest.o" "testing\\src\\removeTest.o" "testing\\src\\setTest.o" "testing\\src\\sortTest.o" "testing\\src\\subListTest.o" "testing\\utest.o" 
Info: Nothing to build for likedList
20:07:29 **** Incremental Build of configuration Debug for project likedList ****
Info: Internal Builder is used for build
gcc -O0 -g3 -Wall -c -fmessage-length=0 -o "src\\LinkedList.o" "..\\src\\LinkedList.c" 
gcc -o likedList "src\\LinkedList.o" "src\\main.o" "testing\\src\\Employee.o" "testing\\src\\addNodeTest.o" "testing\\src\\addTest.o" "testing\\src\\clearTest.o" "testing\\src\\cloneTest.o" "testing\\src\\containsAllTest.o" "testing\\src\\containsTest.o" "testing\\src\\deleteLinkedListTest.o" "testing\\src\\getNodeTest.o" "testing\\src\\getTest.o" "testing\\src\\indexOfTest.o" "testing\\src\\isEmptyTest.o" "testing\\src\\lenTest.o" "testing\\src\\main_test.o" "testing\\src\\newTest.o" "testing\\src\\popTest.o" "testing\\src\\pushTest.o" "testing\\src\\removeTest.o" "testing\\src\\setTest.o" "testing\\src\\sortTest.o" "testing\\src\\subListTest.o" "testing\\utest.o" 
Info: Nothing to build for likedList
20:26:26 **** Incremental Build of configuration Debug for project likedList ****
Info: Internal Builder is used for build
gcc -O0 -g3 -Wall -c -fmessage-length=0 -o "src\\main.o" "..\\src\\main.c" 
gcc -O0 -g3 -Wall -c -fmessage-length=0 -o "src\\LinkedList.o" "..\\src\\LinkedList.c" 
gcc -o likedList "src\\LinkedList.o" "src\\main.o" "testing\\src\\Employee.o" "testing\\src\\addNodeTest.o" "testing\\src\\addTest.o" "testing\\src\\clearTest.o" "testing\\src\\cloneTest.o" "testing\\src\\containsAllTest.o" "testing\\src\\containsTest.o" "testing\\src\\deleteLinkedListTest.o" "testing\\src\\getNodeTest.o" "testing\\src\\getTest.o" "testing\\src\\indexOfTest.o" "testing\\src\\isEmptyTest.o" "testing\\src\\lenTest.o" "testing\\src\\main_test.o" "testing\\src\\newTest.o" "testing\\src\\popTest.o" "testing\\src\\pushTest.o" "testing\\src\\removeTest.o" "testing\\src\\setTest.o" "testing\\src\\sortTest.o" "testing\\src\\subListTest.o" "testing\\utest.o" 
Info: Nothing to build for likedList
00:27:24 **** Incremental Build of configuration Debug for project likedList ****
Info: Internal Builder is used for build
gcc -O0 -g3 -Wall -c -fmessage-length=0 -o "src\\LinkedList.o" "..\\src\\LinkedList.c" 
gcc -o likedList "src\\LinkedList.o" "src\\main.o" "testing\\src\\Employee.o" "testing\\src\\addNodeTest.o" "testing\\src\\addTest.o" "testing\\src\\clearTest.o" "testing\\src\\cloneTest.o" "testing\\src\\containsAllTest.o" "testing\\src\\containsTest.o" "testing\\src\\deleteLinkedListTest.o" "testing\\src\\getNodeTest.o" "testing\\src\\getTest.o" "testing\\src\\indexOfTest.o" "testing\\src\\isEmptyTest.o" "testing\\src\\lenTest.o" "testing\\src\\main_test.o" "testing\\src\\newTest.o" "testing\\src\\popTest.o" "testing\\src\\pushTest.o" "testing\\src\\removeTest.o" "testing\\src\\setTest.o" "testing\\src\\sortTest.o" "testing\\src\\subListTest.o" "testing\\utest.o" 
00:27:38 **** Incremental Build of configuration Debug for project likedList ****
Info: Internal Builder is used for build
gcc -O0 -g3 -Wall -c -fmessage-length=0 -o "src\\main.o" "..\\src\\main.c" 
gcc -o likedList "src\\LinkedList.o" "src\\main.o" "testing\\src\\Employee.o" "testing\\src\\addNodeTest.o" "testing\\src\\addTest.o" "testing\\src\\clearTest.o" "testing\\src\\cloneTest.o" "testing\\src\\containsAllTest.o" "testing\\src\\containsTest.o" "testing\\src\\deleteLinkedListTest.o" "testing\\src\\getNodeTest.o" "testing\\src\\getTest.o" "testing\\src\\indexOfTest.o" "testing\\src\\isEmptyTest.o" "testing\\src\\lenTest.o" "testing\\src\\main_test.o" "testing\\src\\newTest.o" "testing\\src\\popTest.o" "testing\\src\\pushTest.o" "testing\\src\\removeTest.o" "testing\\src\\setTest.o" "testing\\src\\sortTest.o" "testing\\src\\subListTest.o" "testing\\utest.o" 
Info: Nothing to build for likedList
00:28:19 **** Incremental Build of configuration Debug for project likedList ****
Info: Internal Builder is used for build
gcc -O0 -g3 -Wall -c -fmessage-length=0 -o "src\\LinkedList.o" "..\\src\\LinkedList.c" 
gcc -o likedList "src\\LinkedList.o" "src\\main.o" "testing\\src\\Employee.o" "testing\\src\\addNodeTest.o" "testing\\src\\addTest.o" "testing\\src\\clearTest.o" "testing\\src\\cloneTest.o" "testing\\src\\containsAllTest.o" "testing\\src\\containsTest.o" "testing\\src\\deleteLinkedListTest.o" "testing\\src\\getNodeTest.o" "testing\\src\\getTest.o" "testing\\src\\indexOfTest.o" "testing\\src\\isEmptyTest.o" "testing\\src\\lenTest.o" "testing\\src\\main_test.o" "testing\\src\\newTest.o" "testing\\src\\popTest.o" "testing\\src\\pushTest.o" "testing\\src\\removeTest.o" "testing\\src\\setTest.o" "testing\\src\\sortTest.o" "testing\\src\\subListTest.o" "testing\\utest.o" 
Info: Nothing to build for likedList
00:33:11 **** Incremental Build of configuration Debug for project likedList ****
Info: Internal Builder is used for build
gcc -O0 -g3 -Wall -c -fmessage-length=0 -o "src\\LinkedList.o" "..\\src\\LinkedList.c" 
gcc -o likedList "src\\LinkedList.o" "src\\main.o" "testing\\src\\Employee.o" "testing\\src\\addNodeTest.o" "testing\\src\\addTest.o" "testing\\src\\clearTest.o" "testing\\src\\cloneTest.o" "testing\\src\\containsAllTest.o" "testing\\src\\containsTest.o" "testing\\src\\deleteLinkedListTest.o" "testing\\src\\getNodeTest.o" "testing\\src\\getTest.o" "testing\\src\\indexOfTest.o" "testing\\src\\isEmptyTest.o" "testing\\src\\lenTest.o" "testing\\src\\main_test.o" "testing\\src\\newTest.o" "testing\\src\\popTest.o" "testing\\src\\pushTest.o" "testing\\src\\removeTest.o" "testing\\src\\setTest.o" "testing\\src\\sortTest.o" "testing\\src\\subListTest.o" "testing\\utest.o" 
Info: Nothing to build for likedList
00:34:38 **** Incremental Build of configuration Debug for project likedList ****
Info: Internal Builder is used for build
gcc -O0 -g3 -Wall -c -fmessage-length=0 -o "src\\LinkedList.o" "..\\src\\LinkedList.c" 
gcc -o likedList "src\\LinkedList.o" "src\\main.o" "testing\\src\\Employee.o" "testing\\src\\addNodeTest.o" "testing\\src\\addTest.o" "testing\\src\\clearTest.o" "testing\\src\\cloneTest.o" "testing\\src\\containsAllTest.o" "testing\\src\\containsTest.o" "testing\\src\\deleteLinkedListTest.o" "testing\\src\\getNodeTest.o" "testing\\src\\getTest.o" "testing\\src\\indexOfTest.o" "testing\\src\\isEmptyTest.o" "testing\\src\\lenTest.o" "testing\\src\\main_test.o" "testing\\src\\newTest.o" "testing\\src\\popTest.o" "testing\\src\\pushTest.o" "testing\\src\\removeTest.o" "testing\\src\\setTest.o" "testing\\src\\sortTest.o" "testing\\src\\subListTest.o" "testing\\utest.o" 
00:35:22 **** Incremental Build of configuration Debug for project likedList ****
Info: Internal Builder is used for build
gcc -O0 -g3 -Wall -c -fmessage-length=0 -o "src\\LinkedList.o" "..\\src\\LinkedList.c" 
gcc -o likedList "src\\LinkedList.o" "src\\main.o" "testing\\src\\Employee.o" "testing\\src\\addNodeTest.o" "testing\\src\\addTest.o" "testing\\src\\clearTest.o" "testing\\src\\cloneTest.o" "testing\\src\\containsAllTest.o" "testing\\src\\containsTest.o" "testing\\src\\deleteLinkedListTest.o" "testing\\src\\getNodeTest.o" "testing\\src\\getTest.o" "testing\\src\\indexOfTest.o" "testing\\src\\isEmptyTest.o" "testing\\src\\lenTest.o" "testing\\src\\main_test.o" "testing\\src\\newTest.o" "testing\\src\\popTest.o" "testing\\src\\pushTest.o" "testing\\src\\removeTest.o" "testing\\src\\setTest.o" "testing\\src\\sortTest.o" "testing\\src\\subListTest.o" "testing\\utest.o" 
00:35:33 **** Incremental Build of configuration Debug for project likedList ****
Info: Internal Builder is used for build
gcc -O0 -g3 -Wall -c -fmessage-length=0 -o "src\\LinkedList.o" "..\\src\\LinkedList.c" 
gcc -o likedList "src\\LinkedList.o" "src\\main.o" "testing\\src\\Employee.o" "testing\\src\\addNodeTest.o" "testing\\src\\addTest.o" "testing\\src\\clearTest.o" "testing\\src\\cloneTest.o" "testing\\src\\containsAllTest.o" "testing\\src\\containsTest.o" "testing\\src\\deleteLinkedListTest.o" "testing\\src\\getNodeTest.o" "testing\\src\\getTest.o" "testing\\src\\indexOfTest.o" "testing\\src\\isEmptyTest.o" "testing\\src\\lenTest.o" "testing\\src\\main_test.o" "testing\\src\\newTest.o" "testing\\src\\popTest.o" "testing\\src\\pushTest.o" "testing\\src\\removeTest.o" "testing\\src\\setTest.o" "testing\\src\\sortTest.o" "testing\\src\\subListTest.o" "testing\\utest.o" 
00:36:10 **** Incremental Build of configuration Debug for project likedList ****
Info: Internal Builder is used for build
gcc -O0 -g3 -Wall -c -fmessage-length=0 -o "src\\LinkedList.o" "..\\src\\LinkedList.c" 
gcc -o likedList "src\\LinkedList.o" "src\\main.o" "testing\\src\\Employee.o" "testing\\src\\addNodeTest.o" "testing\\src\\addTest.o" "testing\\src\\clearTest.o" "testing\\src\\cloneTest.o" "testing\\src\\containsAllTest.o" "testing\\src\\containsTest.o" "testing\\src\\deleteLinkedListTest.o" "testing\\src\\getNodeTest.o" "testing\\src\\getTest.o" "testing\\src\\indexOfTest.o" "testing\\src\\isEmptyTest.o" "testing\\src\\lenTest.o" "testing\\src\\main_test.o" "testing\\src\\newTest.o" "testing\\src\\popTest.o" "testing\\src\\pushTest.o" "testing\\src\\removeTest.o" "testing\\src\\setTest.o" "testing\\src\\sortTest.o" "testing\\src\\subListTest.o" "testing\\utest.o" 
00:41:45 **** Incremental Build of configuration Debug for project likedList ****
Info: Internal Builder is used for build
gcc -O0 -g3 -Wall -c -fmessage-length=0 -o "src\\LinkedList.o" "..\\src\\LinkedList.c" 
gcc -o likedList "src\\LinkedList.o" "src\\main.o" "testing\\src\\Employee.o" "testing\\src\\addNodeTest.o" "testing\\src\\addTest.o" "testing\\src\\clearTest.o" "testing\\src\\cloneTest.o" "testing\\src\\containsAllTest.o" "testing\\src\\containsTest.o" "testing\\src\\deleteLinkedListTest.o" "testing\\src\\getNodeTest.o" "testing\\src\\getTest.o" "testing\\src\\indexOfTest.o" "testing\\src\\isEmptyTest.o" "testing\\src\\lenTest.o" "testing\\src\\main_test.o" "testing\\src\\newTest.o" "testing\\src\\popTest.o" "testing\\src\\pushTest.o" "testing\\src\\removeTest.o" "testing\\src\\setTest.o" "testing\\src\\sortTest.o" "testing\\src\\subListTest.o" "testing\\utest.o" 
00:48:15 **** Incremental Build of configuration Debug for project likedList ****
Info: Internal Builder is used for build
gcc -O0 -g3 -Wall -c -fmessage-length=0 -o "src\\LinkedList.o" "..\\src\\LinkedList.c" 
gcc -o likedList "src\\LinkedList.o" "src\\main.o" "testing\\src\\Employee.o" "testing\\src\\addNodeTest.o" "testing\\src\\addTest.o" "testing\\src\\clearTest.o" "testing\\src\\cloneTest.o" "testing\\src\\containsAllTest.o" "testing\\src\\containsTest.o" "testing\\src\\deleteLinkedListTest.o" "testing\\src\\getNodeTest.o" "testing\\src\\getTest.o" "testing\\src\\indexOfTest.o" "testing\\src\\isEmptyTest.o" "testing\\src\\lenTest.o" "testing\\src\\main_test.o" "testing\\src\\newTest.o" "testing\\src\\popTest.o" "testing\\src\\pushTest.o" "testing\\src\\removeTest.o" "testing\\src\\setTest.o" "testing\\src\\sortTest.o" "testing\\src\\subListTest.o" "testing\\utest.o" 
00:48:26 **** Incremental Build of configuration Debug for project likedList ****
Info: Internal Builder is used for build
gcc -O0 -g3 -Wall -c -fmessage-length=0 -o "src\\LinkedList.o" "..\\src\\LinkedList.c" 
gcc -o likedList "src\\LinkedList.o" "src\\main.o" "testing\\src\\Employee.o" "testing\\src\\addNodeTest.o" "testing\\src\\addTest.o" "testing\\src\\clearTest.o" "testing\\src\\cloneTest.o" "testing\\src\\containsAllTest.o" "testing\\src\\containsTest.o" "testing\\src\\deleteLinkedListTest.o" "testing\\src\\getNodeTest.o" "testing\\src\\getTest.o" "testing\\src\\indexOfTest.o" "testing\\src\\isEmptyTest.o" "testing\\src\\lenTest.o" "testing\\src\\main_test.o" "testing\\src\\newTest.o" "testing\\src\\popTest.o" "testing\\src\\pushTest.o" "testing\\src\\removeTest.o" "testing\\src\\setTest.o" "testing\\src\\sortTest.o" "testing\\src\\subListTest.o" "testing\\utest.o" 
Info: Nothing to build for likedList
00:48:57 **** Incremental Build of configuration Debug for project likedList ****
Info: Internal Builder is used for build
gcc -O0 -g3 -Wall -c -fmessage-length=0 -o "src\\LinkedList.o" "..\\src\\LinkedList.c" 
gcc -o likedList "src\\LinkedList.o" "src\\main.o" "testing\\src\\Employee.o" "testing\\src\\addNodeTest.o" "testing\\src\\addTest.o" "testing\\src\\clearTest.o" "testing\\src\\cloneTest.o" "testing\\src\\containsAllTest.o" "testing\\src\\containsTest.o" "testing\\src\\deleteLinkedListTest.o" "testing\\src\\getNodeTest.o" "testing\\src\\getTest.o" "testing\\src\\indexOfTest.o" "testing\\src\\isEmptyTest.o" "testing\\src\\lenTest.o" "testing\\src\\main_test.o" "testing\\src\\newTest.o" "testing\\src\\popTest.o" "testing\\src\\pushTest.o" "testing\\src\\removeTest.o" "testing\\src\\setTest.o" "testing\\src\\sortTest.o" "testing\\src\\subListTest.o" "testing\\utest.o" 
00:49:16 **** Incremental Build of configuration Debug for project likedList ****
Info: Internal Builder is used for build
gcc -O0 -g3 -Wall -c -fmessage-length=0 -o "src\\LinkedList.o" "..\\src\\LinkedList.c" 
gcc -o likedList "src\\LinkedList.o" "src\\main.o" "testing\\src\\Employee.o" "testing\\src\\addNodeTest.o" "testing\\src\\addTest.o" "testing\\src\\clearTest.o" "testing\\src\\cloneTest.o" "testing\\src\\containsAllTest.o" "testing\\src\\containsTest.o" "testing\\src\\deleteLinkedListTest.o" "testing\\src\\getNodeTest.o" "testing\\src\\getTest.o" "testing\\src\\indexOfTest.o" "testing\\src\\isEmptyTest.o" "testing\\src\\lenTest.o" "testing\\src\\main_test.o" "testing\\src\\newTest.o" "testing\\src\\popTest.o" "testing\\src\\pushTest.o" "testing\\src\\removeTest.o" "testing\\src\\setTest.o" "testing\\src\\sortTest.o" "testing\\src\\subListTest.o" "testing\\utest.o" 
00:53:40 **** Incremental Build of configuration Debug for project likedList ****
Info: Internal Builder is used for build
gcc -O0 -g3 -Wall -c -fmessage-length=0 -o "src\\LinkedList.o" "..\\src\\LinkedList.c" 
gcc -o likedList "src\\LinkedList.o" "src\\main.o" "testing\\src\\Employee.o" "testing\\src\\addNodeTest.o" "testing\\src\\addTest.o" "testing\\src\\clearTest.o" "testing\\src\\cloneTest.o" "testing\\src\\containsAllTest.o" "testing\\src\\containsTest.o" "testing\\src\\deleteLinkedListTest.o" "testing\\src\\getNodeTest.o" "testing\\src\\getTest.o" "testing\\src\\indexOfTest.o" "testing\\src\\isEmptyTest.o" "testing\\src\\lenTest.o" "testing\\src\\main_test.o" "testing\\src\\newTest.o" "testing\\src\\popTest.o" "testing\\src\\pushTest.o" "testing\\src\\removeTest.o" "testing\\src\\setTest.o" "testing\\src\\sortTest.o" "testing\\src\\subListTest.o" "testing\\utest.o" 
00:53:51 **** Incremental Build of configuration Debug for project likedList ****
Info: Internal Builder is used for build
gcc -O0 -g3 -Wall -c -fmessage-length=0 -o "src\\LinkedList.o" "..\\src\\LinkedList.c" 
gcc -o likedList "src\\LinkedList.o" "src\\main.o" "testing\\src\\Employee.o" "testing\\src\\addNodeTest.o" "testing\\src\\addTest.o" "testing\\src\\clearTest.o" "testing\\src\\cloneTest.o" "testing\\src\\containsAllTest.o" "testing\\src\\containsTest.o" "testing\\src\\deleteLinkedListTest.o" "testing\\src\\getNodeTest.o" "testing\\src\\getTest.o" "testing\\src\\indexOfTest.o" "testing\\src\\isEmptyTest.o" "testing\\src\\lenTest.o" "testing\\src\\main_test.o" "testing\\src\\newTest.o" "testing\\src\\popTest.o" "testing\\src\\pushTest.o" "testing\\src\\removeTest.o" "testing\\src\\setTest.o" "testing\\src\\sortTest.o" "testing\\src\\subListTest.o" "testing\\utest.o" 
00:54:05 **** Incremental Build of configuration Debug for project likedList ****
Info: Internal Builder is used for build
gcc -O0 -g3 -Wall -c -fmessage-length=0 -o "src\\LinkedList.o" "..\\src\\LinkedList.c" 
gcc -o likedList "src\\LinkedList.o" "src\\main.o" "testing\\src\\Employee.o" "testing\\src\\addNodeTest.o" "testing\\src\\addTest.o" "testing\\src\\clearTest.o" "testing\\src\\cloneTest.o" "testing\\src\\containsAllTest.o" "testing\\src\\containsTest.o" "testing\\src\\deleteLinkedListTest.o" "testing\\src\\getNodeTest.o" "testing\\src\\getTest.o" "testing\\src\\indexOfTest.o" "testing\\src\\isEmptyTest.o" "testing\\src\\lenTest.o" "testing\\src\\main_test.o" "testing\\src\\newTest.o" "testing\\src\\popTest.o" "testing\\src\\pushTest.o" "testing\\src\\removeTest.o" "testing\\src\\setTest.o" "testing\\src\\sortTest.o" "testing\\src\\subListTest.o" "testing\\utest.o" 
00:54:16 **** Incremental Build of configuration Debug for project likedList ****
Info: Internal Builder is used for build
gcc -O0 -g3 -Wall -c -fmessage-length=0 -o "src\\LinkedList.o" "..\\src\\LinkedList.c" 
gcc -o likedList "src\\LinkedList.o" "src\\main.o" "testing\\src\\Employee.o" "testing\\src\\addNodeTest.o" "testing\\src\\addTest.o" "testing\\src\\clearTest.o" "testing\\src\\cloneTest.o" "testing\\src\\containsAllTest.o" "testing\\src\\containsTest.o" "testing\\src\\deleteLinkedListTest.o" "testing\\src\\getNodeTest.o" "testing\\src\\getTest.o" "testing\\src\\indexOfTest.o" "testing\\src\\isEmptyTest.o" "testing\\src\\lenTest.o" "testing\\src\\main_test.o" "testing\\src\\newTest.o" "testing\\src\\popTest.o" "testing\\src\\pushTest.o" "testing\\src\\removeTest.o" "testing\\src\\setTest.o" "testing\\src\\sortTest.o" "testing\\src\\subListTest.o" "testing\\utest.o" 
00:54:50 **** Incremental Build of configuration Debug for project likedList ****
Info: Internal Builder is used for build
gcc -O0 -g3 -Wall -c -fmessage-length=0 -o "src\\LinkedList.o" "..\\src\\LinkedList.c" 
gcc -o likedList "src\\LinkedList.o" "src\\main.o" "testing\\src\\Employee.o" "testing\\src\\addNodeTest.o" "testing\\src\\addTest.o" "testing\\src\\clearTest.o" "testing\\src\\cloneTest.o" "testing\\src\\containsAllTest.o" "testing\\src\\containsTest.o" "testing\\src\\deleteLinkedListTest.o" "testing\\src\\getNodeTest.o" "testing\\src\\getTest.o" "testing\\src\\indexOfTest.o" "testing\\src\\isEmptyTest.o" "testing\\src\\lenTest.o" "testing\\src\\main_test.o" "testing\\src\\newTest.o" "testing\\src\\popTest.o" "testing\\src\\pushTest.o" "testing\\src\\removeTest.o" "testing\\src\\setTest.o" "testing\\src\\sortTest.o" "testing\\src\\subListTest.o" "testing\\utest.o" 
00:55:54 **** Incremental Build of configuration Debug for project likedList ****
Info: Internal Builder is used for build
gcc -O0 -g3 -Wall -c -fmessage-length=0 -o "src\\main.o" "..\\src\\main.c" 
gcc -o likedList "src\\LinkedList.o" "src\\main.o" "testing\\src\\Employee.o" "testing\\src\\addNodeTest.o" "testing\\src\\addTest.o" "testing\\src\\clearTest.o" "testing\\src\\cloneTest.o" "testing\\src\\containsAllTest.o" "testing\\src\\containsTest.o" "testing\\src\\deleteLinkedListTest.o" "testing\\src\\getNodeTest.o" "testing\\src\\getTest.o" "testing\\src\\indexOfTest.o" "testing\\src\\isEmptyTest.o" "testing\\src\\lenTest.o" "testing\\src\\main_test.o" "testing\\src\\newTest.o" "testing\\src\\popTest.o" "testing\\src\\pushTest.o" "testing\\src\\removeTest.o" "testing\\src\\setTest.o" "testing\\src\\sortTest.o" "testing\\src\\subListTest.o" "testing\\utest.o" 
00:57:03 **** Incremental Build of configuration Debug for project likedList ****
Info: Internal Builder is used for build
gcc -O0 -g3 -Wall -c -fmessage-length=0 -o "src\\LinkedList.o" "..\\src\\LinkedList.c" 
gcc -o likedList "src\\LinkedList.o" "src\\main.o" "testing\\src\\Employee.o" "testing\\src\\addNodeTest.o" "testing\\src\\addTest.o" "testing\\src\\clearTest.o" "testing\\src\\cloneTest.o" "testing\\src\\containsAllTest.o" "testing\\src\\containsTest.o" "testing\\src\\deleteLinkedListTest.o" "testing\\src\\getNodeTest.o" "testing\\src\\getTest.o" "testing\\src\\indexOfTest.o" "testing\\src\\isEmptyTest.o" "testing\\src\\lenTest.o" "testing\\src\\main_test.o" "testing\\src\\newTest.o" "testing\\src\\popTest.o" "testing\\src\\pushTest.o" "testing\\src\\removeTest.o" "testing\\src\\setTest.o" "testing\\src\\sortTest.o" "testing\\src\\subListTest.o" "testing\\utest.o" 
00:57:51 **** Incremental Build of configuration Debug for project likedList ****
Info: Internal Builder is used for build
gcc -O0 -g3 -Wall -c -fmessage-length=0 -o "src\\LinkedList.o" "..\\src\\LinkedList.c" 
gcc -o likedList "src\\LinkedList.o" "src\\main.o" "testing\\src\\Employee.o" "testing\\src\\addNodeTest.o" "testing\\src\\addTest.o" "testing\\src\\clearTest.o" "testing\\src\\cloneTest.o" "testing\\src\\containsAllTest.o" "testing\\src\\containsTest.o" "testing\\src\\deleteLinkedListTest.o" "testing\\src\\getNodeTest.o" "testing\\src\\getTest.o" "testing\\src\\indexOfTest.o" "testing\\src\\isEmptyTest.o" "testing\\src\\lenTest.o" "testing\\src\\main_test.o" "testing\\src\\newTest.o" "testing\\src\\popTest.o" "testing\\src\\pushTest.o" "testing\\src\\removeTest.o" "testing\\src\\setTest.o" "testing\\src\\sortTest.o" "testing\\src\\subListTest.o" "testing\\utest.o" 
00:58:22 **** Incremental Build of configuration Debug for project likedList ****
Info: Internal Builder is used for build
gcc -O0 -g3 -Wall -c -fmessage-length=0 -o "src\\LinkedList.o" "..\\src\\LinkedList.c" 
gcc -o likedList "src\\LinkedList.o" "src\\main.o" "testing\\src\\Employee.o" "testing\\src\\addNodeTest.o" "testing\\src\\addTest.o" "testing\\src\\clearTest.o" "testing\\src\\cloneTest.o" "testing\\src\\containsAllTest.o" "testing\\src\\containsTest.o" "testing\\src\\deleteLinkedListTest.o" "testing\\src\\getNodeTest.o" "testing\\src\\getTest.o" "testing\\src\\indexOfTest.o" "testing\\src\\isEmptyTest.o" "testing\\src\\lenTest.o" "testing\\src\\main_test.o" "testing\\src\\newTest.o" "testing\\src\\popTest.o" "testing\\src\\pushTest.o" "testing\\src\\removeTest.o" "testing\\src\\setTest.o" "testing\\src\\sortTest.o" "testing\\src\\subListTest.o" "testing\\utest.o" 
01:21:38 **** Incremental Build of configuration Debug for project likedList ****
Info: Internal Builder is used for build
gcc -O0 -g3 -Wall -c -fmessage-length=0 -o "src\\main.o" "..\\src\\main.c" 
gcc -O0 -g3 -Wall -c -fmessage-length=0 -o "src\\LinkedList.o" "..\\src\\LinkedList.c" 
gcc -o likedList "src\\LinkedList.o" "src\\main.o" "testing\\src\\Employee.o" "testing\\src\\addNodeTest.o" "testing\\src\\addTest.o" "testing\\src\\clearTest.o" "testing\\src\\cloneTest.o" "testing\\src\\containsAllTest.o" "testing\\src\\containsTest.o" "testing\\src\\deleteLinkedListTest.o" "testing\\src\\getNodeTest.o" "testing\\src\\getTest.o" "testing\\src\\indexOfTest.o" "testing\\src\\isEmptyTest.o" "testing\\src\\lenTest.o" "testing\\src\\main_test.o" "testing\\src\\newTest.o" "testing\\src\\popTest.o" "testing\\src\\pushTest.o" "testing\\src\\removeTest.o" "testing\\src\\setTest.o" "testing\\src\\sortTest.o" "testing\\src\\subListTest.o" "testing\\utest.o" 
01:22:10 **** Incremental Build of configuration Debug for project likedList ****
Info: Internal Builder is used for build
gcc -O0 -g3 -Wall -c -fmessage-length=0 -o "src\\main.o" "..\\src\\main.c" 
gcc -o likedList "src\\LinkedList.o" "src\\main.o" "testing\\src\\Employee.o" "testing\\src\\addNodeTest.o" "testing\\src\\addTest.o" "testing\\src\\clearTest.o" "testing\\src\\cloneTest.o" "testing\\src\\containsAllTest.o" "testing\\src\\containsTest.o" "testing\\src\\deleteLinkedListTest.o" "testing\\src\\getNodeTest.o" "testing\\src\\getTest.o" "testing\\src\\indexOfTest.o" "testing\\src\\isEmptyTest.o" "testing\\src\\lenTest.o" "testing\\src\\main_test.o" "testing\\src\\newTest.o" "testing\\src\\popTest.o" "testing\\src\\pushTest.o" "testing\\src\\removeTest.o" "testing\\src\\setTest.o" "testing\\src\\sortTest.o" "testing\\src\\subListTest.o" "testing\\utest.o" 
01:22:47 **** Incremental Build of configuration Debug for project likedList ****
Info: Internal Builder is used for build
gcc -O0 -g3 -Wall -c -fmessage-length=0 -o "src\\main.o" "..\\src\\main.c" 
gcc -o likedList "src\\LinkedList.o" "src\\main.o" "testing\\src\\Employee.o" "testing\\src\\addNodeTest.o" "testing\\src\\addTest.o" "testing\\src\\clearTest.o" "testing\\src\\cloneTest.o" "testing\\src\\containsAllTest.o" "testing\\src\\containsTest.o" "testing\\src\\deleteLinkedListTest.o" "testing\\src\\getNodeTest.o" "testing\\src\\getTest.o" "testing\\src\\indexOfTest.o" "testing\\src\\isEmptyTest.o" "testing\\src\\lenTest.o" "testing\\src\\main_test.o" "testing\\src\\newTest.o" "testing\\src\\popTest.o" "testing\\src\\pushTest.o" "testing\\src\\removeTest.o" "testing\\src\\setTest.o" "testing\\src\\sortTest.o" "testing\\src\\subListTest.o" "testing\\utest.o" 
01:22:58 **** Incremental Build of configuration Debug for project likedList ****
Info: Internal Builder is used for build
gcc -O0 -g3 -Wall -c -fmessage-length=0 -o "src\\main.o" "..\\src\\main.c" 
gcc -o likedList "src\\LinkedList.o" "src\\main.o" "testing\\src\\Employee.o" "testing\\src\\addNodeTest.o" "testing\\src\\addTest.o" "testing\\src\\clearTest.o" "testing\\src\\cloneTest.o" "testing\\src\\containsAllTest.o" "testing\\src\\containsTest.o" "testing\\src\\deleteLinkedListTest.o" "testing\\src\\getNodeTest.o" "testing\\src\\getTest.o" "testing\\src\\indexOfTest.o" "testing\\src\\isEmptyTest.o" "testing\\src\\lenTest.o" "testing\\src\\main_test.o" "testing\\src\\newTest.o" "testing\\src\\popTest.o" "testing\\src\\pushTest.o" "testing\\src\\removeTest.o" "testing\\src\\setTest.o" "testing\\src\\sortTest.o" "testing\\src\\subListTest.o" "testing\\utest.o" 
01:23:10 **** Incremental Build of configuration Debug for project likedList ****
Info: Internal Builder is used for build
gcc -O0 -g3 -Wall -c -fmessage-length=0 -o "src\\main.o" "..\\src\\main.c" 
gcc -o likedList "src\\LinkedList.o" "src\\main.o" "testing\\src\\Employee.o" "testing\\src\\addNodeTest.o" "testing\\src\\addTest.o" "testing\\src\\clearTest.o" "testing\\src\\cloneTest.o" "testing\\src\\containsAllTest.o" "testing\\src\\containsTest.o" "testing\\src\\deleteLinkedListTest.o" "testing\\src\\getNodeTest.o" "testing\\src\\getTest.o" "testing\\src\\indexOfTest.o" "testing\\src\\isEmptyTest.o" "testing\\src\\lenTest.o" "testing\\src\\main_test.o" "testing\\src\\newTest.o" "testing\\src\\popTest.o" "testing\\src\\pushTest.o" "testing\\src\\removeTest.o" "testing\\src\\setTest.o" "testing\\src\\sortTest.o" "testing\\src\\subListTest.o" "testing\\utest.o" 
15:36:42 **** Rebuild of configuration Debug for project likedList ****
Info: Internal Builder is used for build
gcc -O0 -g3 -Wall -c -fmessage-length=0 -o "testing\\src\\addTest.o" "..\\testing\\src\\addTest.c" 
gcc -O0 -g3 -Wall -c -fmessage-length=0 -o "testing\\src\\sortTest.o" "..\\testing\\src\\sortTest.c" 
gcc -O0 -g3 -Wall -c -fmessage-length=0 -o "testing\\src\\Employee.o" "..\\testing\\src\\Employee.c" 
gcc -O0 -g3 -Wall -c -fmessage-length=0 -o "src\\main.o" "..\\src\\main.c" 
gcc -O0 -g3 -Wall -c -fmessage-length=0 -o "testing\\src\\getTest.o" "..\\testing\\src\\getTest.c" 
gcc -O0 -g3 -Wall -c -fmessage-length=0 -o "testing\\src\\containsTest.o" "..\\testing\\src\\containsTest.c" 
gcc -O0 -g3 -Wall -c -fmessage-length=0 -o "testing\\src\\newTest.o" "..\\testing\\src\\newTest.c" 
gcc -O0 -g3 -Wall -c -fmessage-length=0 -o "testing\\src\\setTest.o" "..\\testing\\src\\setTest.c" 
gcc -O0 -g3 -Wall -c -fmessage-length=0 -o "testing\\utest.o" "..\\testing\\utest.c" 
gcc -O0 -g3 -Wall -c -fmessage-length=0 -o "testing\\src\\getNodeTest.o" "..\\testing\\src\\getNodeTest.c" 
gcc -O0 -g3 -Wall -c -fmessage-length=0 -o "testing\\src\\pushTest.o" "..\\testing\\src\\pushTest.c" 
gcc -O0 -g3 -Wall -c -fmessage-length=0 -o "testing\\src\\removeTest.o" "..\\testing\\src\\removeTest.c" 
gcc -O0 -g3 -Wall -c -fmessage-length=0 -o "testing\\src\\isEmptyTest.o" "..\\testing\\src\\isEmptyTest.c" 
gcc -O0 -g3 -Wall -c -fmessage-length=0 -o "src\\LinkedList.o" "..\\src\\LinkedList.c" 
gcc -O0 -g3 -Wall -c -fmessage-length=0 -o "testing\\src\\popTest.o" "..\\testing\\src\\popTest.c" 
gcc -O0 -g3 -Wall -c -fmessage-length=0 -o "testing\\src\\clearTest.o" "..\\testing\\src\\clearTest.c" 
gcc -O0 -g3 -Wall -c -fmessage-length=0 -o "testing\\src\\cloneTest.o" "..\\testing\\src\\cloneTest.c" 
gcc -O0 -g3 -Wall -c -fmessage-length=0 -o "testing\\src\\containsAllTest.o" "..\\testing\\src\\containsAllTest.c" 
gcc -O0 -g3 -Wall -c -fmessage-length=0 -o "testing\\src\\lenTest.o" "..\\testing\\src\\lenTest.c" 
gcc -O0 -g3 -Wall -c -fmessage-length=0 -o "testing\\src\\subListTest.o" "..\\testing\\src\\subListTest.c" 
gcc -O0 -g3 -Wall -c -fmessage-length=0 -o "testing\\src\\deleteLinkedListTest.o" "..\\testing\\src\\deleteLinkedListTest.c" 
gcc -O0 -g3 -Wall -c -fmessage-length=0 -o "testing\\src\\addNodeTest.o" "..\\testing\\src\\addNodeTest.c" 
gcc -O0 -g3 -Wall -c -fmessage-length=0 -o "testing\\src\\indexOfTest.o" "..\\testing\\src\\indexOfTest.c" 
gcc -O0 -g3 -Wall -c -fmessage-length=0 -o "testing\\src\\main_test.o" "..\\testing\\src\\main_test.c" 
gcc -o likedList "src\\LinkedList.o" "src\\main.o" "testing\\src\\Employee.o" "testing\\src\\addNodeTest.o" "testing\\src\\addTest.o" "testing\\src\\clearTest.o" "testing\\src\\cloneTest.o" "testing\\src\\containsAllTest.o" "testing\\src\\containsTest.o" "testing\\src\\deleteLinkedListTest.o" "testing\\src\\getNodeTest.o" "testing\\src\\getTest.o" "testing\\src\\indexOfTest.o" "testing\\src\\isEmptyTest.o" "testing\\src\\lenTest.o" "testing\\src\\main_test.o" "testing\\src\\newTest.o" "testing\\src\\popTest.o" "testing\\src\\pushTest.o" "testing\\src\\removeTest.o" "testing\\src\\setTest.o" "testing\\src\\sortTest.o" "testing\\src\\subListTest.o" "testing\\utest.o" 
Info: Nothing to build for likedList
15:38:57 **** Incremental Build of configuration Debug for project likedList ****
Info: Internal Builder is used for build
gcc -O0 -g3 -Wall -c -fmessage-length=0 -o "src\\LinkedList.o" "..\\src\\LinkedList.c" 
gcc -o likedList "src\\LinkedList.o" "src\\main.o" "testing\\src\\Employee.o" "testing\\src\\addNodeTest.o" "testing\\src\\addTest.o" "testing\\src\\clearTest.o" "testing\\src\\cloneTest.o" "testing\\src\\containsAllTest.o" "testing\\src\\containsTest.o" "testing\\src\\deleteLinkedListTest.o" "testing\\src\\getNodeTest.o" "testing\\src\\getTest.o" "testing\\src\\indexOfTest.o" "testing\\src\\isEmptyTest.o" "testing\\src\\lenTest.o" "testing\\src\\main_test.o" "testing\\src\\newTest.o" "testing\\src\\popTest.o" "testing\\src\\pushTest.o" "testing\\src\\removeTest.o" "testing\\src\\setTest.o" "testing\\src\\sortTest.o" "testing\\src\\subListTest.o" "testing\\utest.o" 
Info: Nothing to build for likedList
15:40:06 **** Incremental Build of configuration Debug for project likedList ****
Info: Internal Builder is used for build
gcc -O0 -g3 -Wall -c -fmessage-length=0 -o "src\\LinkedList.o" "..\\src\\LinkedList.c" 
gcc -o likedList "src\\LinkedList.o" "src\\main.o" "testing\\src\\Employee.o" "testing\\src\\addNodeTest.o" "testing\\src\\addTest.o" "testing\\src\\clearTest.o" "testing\\src\\cloneTest.o" "testing\\src\\containsAllTest.o" "testing\\src\\containsTest.o" "testing\\src\\deleteLinkedListTest.o" "testing\\src\\getNodeTest.o" "testing\\src\\getTest.o" "testing\\src\\indexOfTest.o" "testing\\src\\isEmptyTest.o" "testing\\src\\lenTest.o" "testing\\src\\main_test.o" "testing\\src\\newTest.o" "testing\\src\\popTest.o" "testing\\src\\pushTest.o" "testing\\src\\removeTest.o" "testing\\src\\setTest.o" "testing\\src\\sortTest.o" "testing\\src\\subListTest.o" "testing\\utest.o" 
15:44:16 **** Incremental Build of configuration Debug for project likedList ****
Info: Internal Builder is used for build
gcc -O0 -g3 -Wall -c -fmessage-length=0 -o "src\\main.o" "..\\src\\main.c" 
gcc -o likedList "src\\LinkedList.o" "src\\main.o" "testing\\src\\Employee.o" "testing\\src\\addNodeTest.o" "testing\\src\\addTest.o" "testing\\src\\clearTest.o" "testing\\src\\cloneTest.o" "testing\\src\\containsAllTest.o" "testing\\src\\containsTest.o" "testing\\src\\deleteLinkedListTest.o" "testing\\src\\getNodeTest.o" "testing\\src\\getTest.o" "testing\\src\\indexOfTest.o" "testing\\src\\isEmptyTest.o" "testing\\src\\lenTest.o" "testing\\src\\main_test.o" "testing\\src\\newTest.o" "testing\\src\\popTest.o" "testing\\src\\pushTest.o" "testing\\src\\removeTest.o" "testing\\src\\setTest.o" "testing\\src\\sortTest.o" "testing\\src\\subListTest.o" "testing\\utest.o" 
16:05:50 **** Incremental Build of configuration Debug for project likedList ****
Info: Internal Builder is used for build
gcc -O0 -g3 -Wall -c -fmessage-length=0 -o "src\\LinkedList.o" "..\\src\\LinkedList.c" 
gcc -O0 -g3 -Wall -c -fmessage-length=0 -o "src\\main.o" "..\\src\\main.c" 
gcc -o likedList "src\\LinkedList.o" "src\\main.o" "testing\\src\\Employee.o" "testing\\src\\addNodeTest.o" "testing\\src\\addTest.o" "testing\\src\\clearTest.o" "testing\\src\\cloneTest.o" "testing\\src\\containsAllTest.o" "testing\\src\\containsTest.o" "testing\\src\\deleteLinkedListTest.o" "testing\\src\\getNodeTest.o" "testing\\src\\getTest.o" "testing\\src\\indexOfTest.o" "testing\\src\\isEmptyTest.o" "testing\\src\\lenTest.o" "testing\\src\\main_test.o" "testing\\src\\newTest.o" "testing\\src\\popTest.o" "testing\\src\\pushTest.o" "testing\\src\\removeTest.o" "testing\\src\\setTest.o" "testing\\src\\sortTest.o" "testing\\src\\subListTest.o" "testing\\utest.o" 
Info: Nothing to build for likedList
17:20:29 **** Rebuild of configuration Debug for project likedList ****
Info: Internal Builder is used for build
gcc -O0 -g3 -Wall -c -fmessage-length=0 -o "testing\\src\\containsTest.o" "..\\testing\\src\\containsTest.c" 
gcc -O0 -g3 -Wall -c -fmessage-length=0 -o "testing\\src\\pushTest.o" "..\\testing\\src\\pushTest.c" 
gcc -O0 -g3 -Wall -c -fmessage-length=0 -o "testing\\src\\removeTest.o" "..\\testing\\src\\removeTest.c" 
gcc -O0 -g3 -Wall -c -fmessage-length=0 -o "testing\\src\\lenTest.o" "..\\testing\\src\\lenTest.c" 
gcc -O0 -g3 -Wall -c -fmessage-length=0 -o "testing\\src\\indexOfTest.o" "..\\testing\\src\\indexOfTest.c" 
gcc -O0 -g3 -Wall -c -fmessage-length=0 -o "testing\\src\\isEmptyTest.o" "..\\testing\\src\\isEmptyTest.c" 
gcc -O0 -g3 -Wall -c -fmessage-length=0 -o "testing\\src\\addNodeTest.o" "..\\testing\\src\\addNodeTest.c" 
gcc -O0 -g3 -Wall -c -fmessage-length=0 -o "testing\\src\\main_test.o" "..\\testing\\src\\main_test.c" 
gcc -O0 -g3 -Wall -c -fmessage-length=0 -o "testing\\src\\setTest.o" "..\\testing\\src\\setTest.c" 
gcc -O0 -g3 -Wall -c -fmessage-length=0 -o "testing\\src\\Employee.o" "..\\testing\\src\\Employee.c" 
gcc -O0 -g3 -Wall -c -fmessage-length=0 -o "testing\\src\\addTest.o" "..\\testing\\src\\addTest.c" 
gcc -O0 -g3 -Wall -c -fmessage-length=0 -o "testing\\src\\containsAllTest.o" "..\\testing\\src\\containsAllTest.c" 
gcc -O0 -g3 -Wall -c -fmessage-length=0 -o "testing\\src\\getNodeTest.o" "..\\testing\\src\\getNodeTest.c" 
gcc -O0 -g3 -Wall -c -fmessage-length=0 -o "testing\\src\\cloneTest.o" "..\\testing\\src\\cloneTest.c" 
gcc -O0 -g3 -Wall -c -fmessage-length=0 -o "testing\\src\\newTest.o" "..\\testing\\src\\newTest.c" 
gcc -O0 -g3 -Wall -c -fmessage-length=0 -o "testing\\src\\clearTest.o" "..\\testing\\src\\clearTest.c" 
gcc -O0 -g3 -Wall -c -fmessage-length=0 -o "testing\\src\\sortTest.o" "..\\testing\\src\\sortTest.c" 
gcc -O0 -g3 -Wall -c -fmessage-length=0 -o "testing\\src\\deleteLinkedListTest.o" "..\\testing\\src\\deleteLinkedListTest.c" 
gcc -O0 -g3 -Wall -c -fmessage-length=0 -o "testing\\src\\popTest.o" "..\\testing\\src\\popTest.c" 
gcc -O0 -g3 -Wall -c -fmessage-length=0 -o "testing\\src\\subListTest.o" "..\\testing\\src\\subListTest.c" 
gcc -O0 -g3 -Wall -c -fmessage-length=0 -o "testing\\utest.o" "..\\testing\\utest.c" 
gcc -O0 -g3 -Wall -c -fmessage-length=0 -o "src\\LinkedList.o" "..\\src\\LinkedList.c" 
gcc -O0 -g3 -Wall -c -fmessage-length=0 -o "src\\main.o" "..\\src\\main.c" 
gcc -O0 -g3 -Wall -c -fmessage-length=0 -o "testing\\src\\getTest.o" "..\\testing\\src\\getTest.c" 
gcc -o likedList "src\\LinkedList.o" "src\\main.o" "testing\\src\\Employee.o" "testing\\src\\addNodeTest.o" "testing\\src\\addTest.o" "testing\\src\\clearTest.o" "testing\\src\\cloneTest.o" "testing\\src\\containsAllTest.o" "testing\\src\\containsTest.o" "testing\\src\\deleteLinkedListTest.o" "testing\\src\\getNodeTest.o" "testing\\src\\getTest.o" "testing\\src\\indexOfTest.o" "testing\\src\\isEmptyTest.o" "testing\\src\\lenTest.o" "testing\\src\\main_test.o" "testing\\src\\newTest.o" "testing\\src\\popTest.o" "testing\\src\\pushTest.o" "testing\\src\\removeTest.o" "testing\\src\\setTest.o" "testing\\src\\sortTest.o" "testing\\src\\subListTest.o" "testing\\utest.o" 
17:26:21 **** Incremental Build of configuration Debug for project likedList ****
Info: Internal Builder is used for build
gcc -O0 -g3 -Wall -c -fmessage-length=0 -o "src\\main.o" "..\\src\\main.c" 
gcc -o likedList "src\\LinkedList.o" "src\\main.o" "testing\\src\\Employee.o" "testing\\src\\addNodeTest.o" "testing\\src\\addTest.o" "testing\\src\\clearTest.o" "testing\\src\\cloneTest.o" "testing\\src\\containsAllTest.o" "testing\\src\\containsTest.o" "testing\\src\\deleteLinkedListTest.o" "testing\\src\\getNodeTest.o" "testing\\src\\getTest.o" "testing\\src\\indexOfTest.o" "testing\\src\\isEmptyTest.o" "testing\\src\\lenTest.o" "testing\\src\\main_test.o" "testing\\src\\newTest.o" "testing\\src\\popTest.o" "testing\\src\\pushTest.o" "testing\\src\\removeTest.o" "testing\\src\\setTest.o" "testing\\src\\sortTest.o" "testing\\src\\subListTest.o" "testing\\utest.o" 
17:27:44 **** Incremental Build of configuration Debug for project likedList ****
Info: Internal Builder is used for build
gcc -O0 -g3 -Wall -c -fmessage-length=0 -o "src\\LinkedList.o" "..\\src\\LinkedList.c" 
gcc -o likedList "src\\LinkedList.o" "src\\main.o" "testing\\src\\Employee.o" "testing\\src\\addNodeTest.o" "testing\\src\\addTest.o" "testing\\src\\clearTest.o" "testing\\src\\cloneTest.o" "testing\\src\\containsAllTest.o" "testing\\src\\containsTest.o" "testing\\src\\deleteLinkedListTest.o" "testing\\src\\getNodeTest.o" "testing\\src\\getTest.o" "testing\\src\\indexOfTest.o" "testing\\src\\isEmptyTest.o" "testing\\src\\lenTest.o" "testing\\src\\main_test.o" "testing\\src\\newTest.o" "testing\\src\\popTest.o" "testing\\src\\pushTest.o" "testing\\src\\removeTest.o" "testing\\src\\setTest.o" "testing\\src\\sortTest.o" "testing\\src\\subListTest.o" "testing\\utest.o" 
17:29:52 **** Incremental Build of configuration Debug for project likedList ****
Info: Internal Builder is used for build
gcc -O0 -g3 -Wall -c -fmessage-length=0 -o "src\\LinkedList.o" "..\\src\\LinkedList.c" 
gcc -o likedList "src\\LinkedList.o" "src\\main.o" "testing\\src\\Employee.o" "testing\\src\\addNodeTest.o" "testing\\src\\addTest.o" "testing\\src\\clearTest.o" "testing\\src\\cloneTest.o" "testing\\src\\containsAllTest.o" "testing\\src\\containsTest.o" "testing\\src\\deleteLinkedListTest.o" "testing\\src\\getNodeTest.o" "testing\\src\\getTest.o" "testing\\src\\indexOfTest.o" "testing\\src\\isEmptyTest.o" "testing\\src\\lenTest.o" "testing\\src\\main_test.o" "testing\\src\\newTest.o" "testing\\src\\popTest.o" "testing\\src\\pushTest.o" "testing\\src\\removeTest.o" "testing\\src\\setTest.o" "testing\\src\\sortTest.o" "testing\\src\\subListTest.o" "testing\\utest.o" 
17:38:08 **** Incremental Build of configuration Debug for project likedList ****
Info: Internal Builder is used for build
gcc -O0 -g3 -Wall -c -fmessage-length=0 -o "src\\LinkedList.o" "..\\src\\LinkedList.c" 
gcc -o likedList "src\\LinkedList.o" "src\\main.o" "testing\\src\\Employee.o" "testing\\src\\addNodeTest.o" "testing\\src\\addTest.o" "testing\\src\\clearTest.o" "testing\\src\\cloneTest.o" "testing\\src\\containsAllTest.o" "testing\\src\\containsTest.o" "testing\\src\\deleteLinkedListTest.o" "testing\\src\\getNodeTest.o" "testing\\src\\getTest.o" "testing\\src\\indexOfTest.o" "testing\\src\\isEmptyTest.o" "testing\\src\\lenTest.o" "testing\\src\\main_test.o" "testing\\src\\newTest.o" "testing\\src\\popTest.o" "testing\\src\\pushTest.o" "testing\\src\\removeTest.o" "testing\\src\\setTest.o" "testing\\src\\sortTest.o" "testing\\src\\subListTest.o" "testing\\utest.o" 
17:45:00 **** Incremental Build of configuration Debug for project likedList ****
Info: Internal Builder is used for build
gcc -O0 -g3 -Wall -c -fmessage-length=0 -o "src\\main.o" "..\\src\\main.c" 
gcc -o likedList "src\\LinkedList.o" "src\\main.o" "testing\\src\\Employee.o" "testing\\src\\addNodeTest.o" "testing\\src\\addTest.o" "testing\\src\\clearTest.o" "testing\\src\\cloneTest.o" "testing\\src\\containsAllTest.o" "testing\\src\\containsTest.o" "testing\\src\\deleteLinkedListTest.o" "testing\\src\\getNodeTest.o" "testing\\src\\getTest.o" "testing\\src\\indexOfTest.o" "testing\\src\\isEmptyTest.o" "testing\\src\\lenTest.o" "testing\\src\\main_test.o" "testing\\src\\newTest.o" "testing\\src\\popTest.o" "testing\\src\\pushTest.o" "testing\\src\\removeTest.o" "testing\\src\\setTest.o" "testing\\src\\sortTest.o" "testing\\src\\subListTest.o" "testing\\utest.o" 
17:49:41 **** Incremental Build of configuration Debug for project likedList ****
Info: Internal Builder is used for build
gcc -O0 -g3 -Wall -c -fmessage-length=0 -o "src\\LinkedList.o" "..\\src\\LinkedList.c" 
..\src\LinkedList.c: In function 'll_clone':
..\src\LinkedList.c:491:18: warning: implicit declaration of function 'll_sublist' [-Wimplicit-function-declaration]
       cloneArray=ll_sublist(this, 0, ll_len(this));
                  ^~~~~~~~~~
..\src\LinkedList.c:491:17: warning: assignment makes pointer from integer without a cast [-Wint-conversion]
       cloneArray=ll_sublist(this, 0, ll_len(this));
                 ^
gcc -o likedList "src\\LinkedList.o" "src\\main.o" "testing\\src\\Employee.o" "testing\\src\\addNodeTest.o" "testing\\src\\addTest.o" "testing\\src\\clearTest.o" "testing\\src\\cloneTest.o" "testing\\src\\containsAllTest.o" "testing\\src\\containsTest.o" "testing\\src\\deleteLinkedListTest.o" "testing\\src\\getNodeTest.o" "testing\\src\\getTest.o" "testing\\src\\indexOfTest.o" "testing\\src\\isEmptyTest.o" "testing\\src\\lenTest.o" "testing\\src\\main_test.o" "testing\\src\\newTest.o" "testing\\src\\popTest.o" "testing\\src\\pushTest.o" "testing\\src\\removeTest.o" "testing\\src\\setTest.o" "testing\\src\\sortTest.o" "testing\\src\\subListTest.o" "testing\\utest.o" 
c:/mingw/bin/../lib/gcc/mingw32/6.3.0/../../../../mingw32/bin/ld.exe: cannot open output file likedList.exe: Permission denied
collect2.exe: error: ld returned 1 exit status
17:49:46 **** Incremental Build of configuration Debug for project likedList ****
Info: Internal Builder is used for build
gcc -o likedList "src\\LinkedList.o" "src\\main.o" "testing\\src\\Employee.o" "testing\\src\\addNodeTest.o" "testing\\src\\addTest.o" "testing\\src\\clearTest.o" "testing\\src\\cloneTest.o" "testing\\src\\containsAllTest.o" "testing\\src\\containsTest.o" "testing\\src\\deleteLinkedListTest.o" "testing\\src\\getNodeTest.o" "testing\\src\\getTest.o" "testing\\src\\indexOfTest.o" "testing\\src\\isEmptyTest.o" "testing\\src\\lenTest.o" "testing\\src\\main_test.o" "testing\\src\\newTest.o" "testing\\src\\popTest.o" "testing\\src\\pushTest.o" "testing\\src\\removeTest.o" "testing\\src\\setTest.o" "testing\\src\\sortTest.o" "testing\\src\\subListTest.o" "testing\\utest.o" 
src\LinkedList.o: In function `ll_clone':
C:\Users\Lau\eclipse-workspace\TP 4\likedList\Debug/../src/LinkedList.c:491: undefined reference to `ll_sublist'
collect2.exe: error: ld returned 1 exit status
17:50:12 **** Incremental Build of configuration Debug for project likedList ****
Info: Internal Builder is used for build
gcc -O0 -g3 -Wall -c -fmessage-length=0 -o "src\\LinkedList.o" "..\\src\\LinkedList.c" 
gcc -o likedList "src\\LinkedList.o" "src\\main.o" "testing\\src\\Employee.o" "testing\\src\\addNodeTest.o" "testing\\src\\addTest.o" "testing\\src\\clearTest.o" "testing\\src\\cloneTest.o" "testing\\src\\containsAllTest.o" "testing\\src\\containsTest.o" "testing\\src\\deleteLinkedListTest.o" "testing\\src\\getNodeTest.o" "testing\\src\\getTest.o" "testing\\src\\indexOfTest.o" "testing\\src\\isEmptyTest.o" "testing\\src\\lenTest.o" "testing\\src\\main_test.o" "testing\\src\\newTest.o" "testing\\src\\popTest.o" "testing\\src\\pushTest.o" "testing\\src\\removeTest.o" "testing\\src\\setTest.o" "testing\\src\\sortTest.o" "testing\\src\\subListTest.o" "testing\\utest.o" 
Info: Nothing to build for likedList
18:26:38 **** Rebuild of configuration Debug for project likedList ****
Info: Internal Builder is used for build
gcc -O0 -g3 -Wall -c -fmessage-length=0 -o "testing\\src\\pushTest.o" "..\\testing\\src\\pushTest.c" 
gcc -O0 -g3 -Wall -c -fmessage-length=0 -o "testing\\src\\addNodeTest.o" "..\\testing\\src\\addNodeTest.c" 
gcc -O0 -g3 -Wall -c -fmessage-length=0 -o "testing\\src\\Employee.o" "..\\testing\\src\\Employee.c" 
gcc -O0 -g3 -Wall -c -fmessage-length=0 -o "testing\\src\\setTest.o" "..\\testing\\src\\setTest.c" 
gcc -O0 -g3 -Wall -c -fmessage-length=0 -o "testing\\src\\subListTest.o" "..\\testing\\src\\subListTest.c" 
gcc -O0 -g3 -Wall -c -fmessage-length=0 -o "testing\\src\\containsTest.o" "..\\testing\\src\\containsTest.c" 
gcc -O0 -g3 -Wall -c -fmessage-length=0 -o "testing\\src\\clearTest.o" "..\\testing\\src\\clearTest.c" 
gcc -O0 -g3 -Wall -c -fmessage-length=0 -o "testing\\src\\deleteLinkedListTest.o" "..\\testing\\src\\deleteLinkedListTest.c" 
gcc -O0 -g3 -Wall -c -fmessage-length=0 -o "testing\\src\\getNodeTest.o" "..\\testing\\src\\getNodeTest.c" 
gcc -O0 -g3 -Wall -c -fmessage-length=0 -o "testing\\src\\sortTest.o" "..\\testing\\src\\sortTest.c" 
gcc -O0 -g3 -Wall -c -fmessage-length=0 -o "src\\main.o" "..\\src\\main.c" 
gcc -O0 -g3 -Wall -c -fmessage-length=0 -o "src\\LinkedList.o" "..\\src\\LinkedList.c" 
gcc -O0 -g3 -Wall -c -fmessage-length=0 -o "testing\\src\\main_test.o" "..\\testing\\src\\main_test.c" 
gcc -O0 -g3 -Wall -c -fmessage-length=0 -o "testing\\src\\getTest.o" "..\\testing\\src\\getTest.c" 
gcc -O0 -g3 -Wall -c -fmessage-length=0 -o "testing\\src\\indexOfTest.o" "..\\testing\\src\\indexOfTest.c" 
gcc -O0 -g3 -Wall -c -fmessage-length=0 -o "testing\\src\\addTest.o" "..\\testing\\src\\addTest.c" 
gcc -O0 -g3 -Wall -c -fmessage-length=0 -o "testing\\src\\lenTest.o" "..\\testing\\src\\lenTest.c" 
gcc -O0 -g3 -Wall -c -fmessage-length=0 -o "testing\\src\\containsAllTest.o" "..\\testing\\src\\containsAllTest.c" 
gcc -O0 -g3 -Wall -c -fmessage-length=0 -o "testing\\src\\removeTest.o" "..\\testing\\src\\removeTest.c" 
gcc -O0 -g3 -Wall -c -fmessage-length=0 -o "testing\\utest.o" "..\\testing\\utest.c" 
gcc -O0 -g3 -Wall -c -fmessage-length=0 -o "testing\\src\\cloneTest.o" "..\\testing\\src\\cloneTest.c" 
gcc -O0 -g3 -Wall -c -fmessage-length=0 -o "testing\\src\\isEmptyTest.o" "..\\testing\\src\\isEmptyTest.c" 
gcc -O0 -g3 -Wall -c -fmessage-length=0 -o "testing\\src\\newTest.o" "..\\testing\\src\\newTest.c" 
gcc -O0 -g3 -Wall -c -fmessage-length=0 -o "testing\\src\\popTest.o" "..\\testing\\src\\popTest.c" 
gcc -o likedList "src\\LinkedList.o" "src\\main.o" "testing\\src\\Employee.o" "testing\\src\\addNodeTest.o" "testing\\src\\addTest.o" "testing\\src\\clearTest.o" "testing\\src\\cloneTest.o" "testing\\src\\containsAllTest.o" "testing\\src\\containsTest.o" "testing\\src\\deleteLinkedListTest.o" "testing\\src\\getNodeTest.o" "testing\\src\\getTest.o" "testing\\src\\indexOfTest.o" "testing\\src\\isEmptyTest.o" "testing\\src\\lenTest.o" "testing\\src\\main_test.o" "testing\\src\\newTest.o" "testing\\src\\popTest.o" "testing\\src\\pushTest.o" "testing\\src\\removeTest.o" "testing\\src\\setTest.o" "testing\\src\\sortTest.o" "testing\\src\\subListTest.o" "testing\\utest.o" 
19:03:46 **** Incremental Build of configuration Debug for project likedList ****
Info: Internal Builder is used for build
gcc -O0 -g3 -Wall -c -fmessage-length=0 -o "src\\LinkedList.o" "..\\src\\LinkedList.c" 
gcc -o likedList "src\\LinkedList.o" "src\\main.o" "testing\\src\\Employee.o" "testing\\src\\addNodeTest.o" "testing\\src\\addTest.o" "testing\\src\\clearTest.o" "testing\\src\\cloneTest.o" "testing\\src\\containsAllTest.o" "testing\\src\\containsTest.o" "testing\\src\\deleteLinkedListTest.o" "testing\\src\\getNodeTest.o" "testing\\src\\getTest.o" "testing\\src\\indexOfTest.o" "testing\\src\\isEmptyTest.o" "testing\\src\\lenTest.o" "testing\\src\\main_test.o" "testing\\src\\newTest.o" "testing\\src\\popTest.o" "testing\\src\\pushTest.o" "testing\\src\\removeTest.o" "testing\\src\\setTest.o" "testing\\src\\sortTest.o" "testing\\src\\subListTest.o" "testing\\utest.o" 
Info: Nothing to build for likedList
19:03:59 **** Incremental Build of configuration Debug for project likedList ****
Info: Internal Builder is used for build
gcc -O0 -g3 -Wall -c -fmessage-length=0 -o "src\\main.o" "..\\src\\main.c" 
gcc -o likedList "src\\LinkedList.o" "src\\main.o" "testing\\src\\Employee.o" "testing\\src\\addNodeTest.o" "testing\\src\\addTest.o" "testing\\src\\clearTest.o" "testing\\src\\cloneTest.o" "testing\\src\\containsAllTest.o" "testing\\src\\containsTest.o" "testing\\src\\deleteLinkedListTest.o" "testing\\src\\getNodeTest.o" "testing\\src\\getTest.o" "testing\\src\\indexOfTest.o" "testing\\src\\isEmptyTest.o" "testing\\src\\lenTest.o" "testing\\src\\main_test.o" "testing\\src\\newTest.o" "testing\\src\\popTest.o" "testing\\src\\pushTest.o" "testing\\src\\removeTest.o" "testing\\src\\setTest.o" "testing\\src\\sortTest.o" "testing\\src\\subListTest.o" "testing\\utest.o" 
19:04:37 **** Incremental Build of configuration Debug for project likedList ****
Info: Internal Builder is used for build
gcc -O0 -g3 -Wall -c -fmessage-length=0 -o "src\\LinkedList.o" "..\\src\\LinkedList.c" 
gcc -o likedList "src\\LinkedList.o" "src\\main.o" "testing\\src\\Employee.o" "testing\\src\\addNodeTest.o" "testing\\src\\addTest.o" "testing\\src\\clearTest.o" "testing\\src\\cloneTest.o" "testing\\src\\containsAllTest.o" "testing\\src\\containsTest.o" "testing\\src\\deleteLinkedListTest.o" "testing\\src\\getNodeTest.o" "testing\\src\\getTest.o" "testing\\src\\indexOfTest.o" "testing\\src\\isEmptyTest.o" "testing\\src\\lenTest.o" "testing\\src\\main_test.o" "testing\\src\\newTest.o" "testing\\src\\popTest.o" "testing\\src\\pushTest.o" "testing\\src\\removeTest.o" "testing\\src\\setTest.o" "testing\\src\\sortTest.o" "testing\\src\\subListTest.o" "testing\\utest.o" 
